cd build.aarch64-ubuntu14.04-gcc49-opt && make rebuild_cache
make[1]: Entering directory `/home/jwsmith/ANA/2_GAUDI/Gaudi-26r1/build.aarch64-ubuntu14.04-gcc49-opt'
Running CMake to regenerate build system...
-- Target system: aarch64-ubuntu14.04-gcc49
-- Build type: opt
-- Using heptools version 74root6
-- Target system: aarch64-ubuntu14.04-gcc49
-- Build type: opt
-- Found LCGCMT 74root6 in /home/seuster/LCGStack/lcgcmake-install
-- Looking for local directories...
-- Found:
--   Gaudi
--   GaudiCoreSvc
--   GaudiSvc
--   GaudiPython
--   GaudiAlg
--   GaudiPluginService
--   GaudiUtils
--   GaudiExamples
--   GaudiPolicy
--   GaudiMonitor
--   GaudiMP
--   GaudiKernel/src/Util
--   GaudiKernel
--   GaudiProfiling
--   GaudiAud
--   PartPropSvc
--   RootHistCnv
--   GaudiCommonSvc
--   GaudiSys
--   GaudiGSL
--   GaudiRelease
--   GaudiRelease/doc/doxygen
--   RootCnv
--   GaudiPartProp
-- Adding directory GaudiPluginService (1/24)
-- Boost version: 1.56.0
-- Found the following Boost libraries:
--   unit_test_framework
-- Adding directory GaudiKernel (2/24)
-- Boost version: 1.56.0
-- Found the following Boost libraries:
--   filesystem
--   thread
--   system
--   regex
-- Boost version: 1.56.0
-- Found the following Boost libraries:
--   unit_test_framework
-- Addind QMTest tests...
-- ... added 1 tests.
-- Adding directory Gaudi (3/24)
-- Addind QMTest tests...
-- ... added 39 tests.
-- Adding directory GaudiCoreSvc (4/24)
-- Boost version: 1.56.0
-- Found the following Boost libraries:
--   system
--   filesystem
--   regex
--   thread
-- Adding directory GaudiSvc (5/24)
-- Boost version: 1.56.0
-- Found the following Boost libraries:
--   regex
-- Addind QMTest tests...
-- ... added 1 tests.
-- Adding directory GaudiUtils (6/24)
-- Boost version: 1.56.0
-- Adding directory GaudiAlg (7/24)
-- Boost version: 1.56.0
-- Found the following Boost libraries:
--   regex
-- Adding directory GaudiPython (8/24)
-- Adding directory GaudiGSL (9/24)
-- Adding directory RootCnv (10/24)
-- Adding directory GaudiExamples (11/24)
-- Boost version: 1.56.0
-- Found the following Boost libraries:
--   python
-- creating hacked version of /home/jwsmith/ANA/2_GAUDI/Gaudi-26r1/GaudiKernel/GaudiKernel/StatusCode.h
-- Addind QMTest tests...
-- ... added 118 tests.
-- Adding directory GaudiPolicy (12/24)
-- Adding directory GaudiMonitor (13/24)
-- Adding directory GaudiMP (14/24)
-- Adding directory GaudiKernel/src/Util (15/24)
-- Boost version: 1.56.0
-- Found the following Boost libraries:
--   program_options
--   regex
--   log
--   log_setup
-- Adding directory GaudiProfiling (16/24)
-- Boost version: 1.56.0
-- Found the following Boost libraries:
--   python
-- Found unwind: /home/jwsmith/libunwind-install/include  
-- Found tcmalloc: /home/jwsmith/gperftools-install/include  
-- Adding directory GaudiAud (17/24)
-- Addind QMTest tests...
-- ... added 1 tests.
-- Adding directory PartPropSvc (18/24)
-- Boost version: 1.56.0
-- Found the following Boost libraries:
--   regex
-- Adding directory RootHistCnv (19/24)
-- Boost version: 1.56.0
-- Adding directory GaudiCommonSvc (20/24)
-- Boost version: 1.56.0
-- Found the following Boost libraries:
--   system
--   filesystem
-- Adding directory GaudiSys (21/24)
-- Adding directory GaudiRelease (22/24)
-- Adding directory GaudiRelease/doc/doxygen (23/24)
-- Could NOT find Doxygen (missing:  DOXYGEN_EXECUTABLE) 
-- Adding directory GaudiPartProp (24/24)
-- Preparing environment configuration:
--   environment for external packages
--     PythonInterp
--     XercesC
--     UUID
--     pytools
--     CppUnit
--     RELAX
--     CLHEP
--     GSL
--     QMTest
--     PythonLibs
--     unwind
--     tcmalloc
--     HepPDT
--     Boost
--     ROOT
--     AIDA
--   environment for the project
--   environment for local subdirectories
--     GaudiPluginService
--     GaudiKernel
--     Gaudi
--     GaudiCoreSvc
--     GaudiSvc
--     GaudiUtils
--     GaudiAlg
--     GaudiPython
--     GaudiGSL
--     RootCnv
--     GaudiExamples
--     GaudiPolicy
--     GaudiMonitor
--     GaudiMP
--     GaudiKernel/src/Util
--     GaudiProfiling
--     GaudiAud
--     PartPropSvc
--     RootHistCnv
--     GaudiCommonSvc
--     GaudiSys
--     GaudiRelease
--     GaudiRelease/doc/doxygen
--     GaudiPartProp
-- Generating Gaudi.xenv
-- Generating Gaudi-build.xenv
-- Generating GaudiConfigVersion.cmake
-- Generating GaudiConfig.cmake
-- Generating GaudiPlatformConfig.cmake
-- Generating 'export' files.
-- Generating manifest.xml
-- Configuring done
-- Generating done
-- Build files have been written to: /home/jwsmith/ANA/2_GAUDI/Gaudi-26r1/build.aarch64-ubuntu14.04-gcc49-opt
make[1]: Leaving directory `/home/jwsmith/ANA/2_GAUDI/Gaudi-26r1/build.aarch64-ubuntu14.04-gcc49-opt'
