Removing all previous make fragments from ../aarch64-ubuntu14.04-gcc49-opt
#--------------------------------------------------------------
# Now trying [cmt config] in /home/jwsmith/ANA/rel_6/DetCommon/rel_6/External/AtlasCompilers/cmt (7/55)
#--------------------------------------------------------------
Removing all previous make fragments from ../aarch64-ubuntu14.04-gcc49-opt
#--------------------------------------------------------------
# Now trying [cmt config] in /home/jwsmith/ANA/rel_6/DetCommon/rel_6/Tools/AtlasDoxygen/cmt (25/55)
#--------------------------------------------------------------
Removing all previous make fragments from ../aarch64-ubuntu14.04-gcc49-opt
#--------------------------------------------------------------
# Now trying [cmt config] in /home/jwsmith/ANA/rel_6/DetCommon/rel_6/AtlasCommonPolicy/cmt (26/55)
#--------------------------------------------------------------
Removing all previous make fragments from ../aarch64-ubuntu14.04-gcc49-opt
#--------------------------------------------------------------
# Now trying [cmt config] in /home/jwsmith/ANA/rel_6/DetCommon/rel_6/DetCommonPolicy/cmt (27/55)
#--------------------------------------------------------------
Removing all previous make fragments from ../aarch64-ubuntu14.04-gcc49-opt
#--------------------------------------------------------------
# Now trying [cmt config] in /home/jwsmith/ANA/rel_6/DetCommon/rel_6/Trigger/TriggerSimulation/L1TopoCoreSimulation/cmt (28/55)
#--------------------------------------------------------------
Removing all previous make fragments from ../aarch64-ubuntu14.04-gcc49-opt
#--------------------------------------------------------------
# Now trying [cmt config] in /home/jwsmith/ANA/rel_6/DetCommon/rel_6/Trigger/TrigT1/L1Topo/L1TopoHardware/cmt (29/55)
#--------------------------------------------------------------
Removing all previous make fragments from ../aarch64-ubuntu14.04-gcc49-opt
#--------------------------------------------------------------
# Now trying [cmt config] in /home/jwsmith/ANA/rel_6/DetCommon/rel_6/Trigger/TrigT1/L1Topo/L1TopoSimulationUtils/cmt (30/55)
#--------------------------------------------------------------
Removing all previous make fragments from ../aarch64-ubuntu14.04-gcc49-opt
#--------------------------------------------------------------
# Now trying [cmt config] in /home/jwsmith/ANA/rel_6/DetCommon/rel_6/Trigger/TrigT1/L1CommonCore/cmt (31/55)
#--------------------------------------------------------------
Removing all previous make fragments from ../aarch64-ubuntu14.04-gcc49-opt
#--------------------------------------------------------------
# Now trying [cmt config] in /home/jwsmith/ANA/rel_6/DetCommon/rel_6/Trigger/TrigT1/L1Common/cmt (32/55)
#--------------------------------------------------------------
Removing all previous make fragments from ../aarch64-ubuntu14.04-gcc49-opt
#--------------------------------------------------------------
# Now trying [cmt config] in /home/jwsmith/ANA/rel_6/DetCommon/rel_6/Trigger/TrigMonitoring/TrigStatsFromCool/cmt (33/55)
#--------------------------------------------------------------
Removing all previous make fragments from ../aarch64-ubuntu14.04-gcc49-opt
#--------------------------------------------------------------
# Now trying [cmt config] in /home/jwsmith/ANA/rel_6/DetCommon/rel_6/Trigger/TrigConfiguration/TriggerMenuCompiler/cmt (34/55)
#--------------------------------------------------------------
Removing all previous make fragments from ../aarch64-ubuntu14.04-gcc49-opt
#--------------------------------------------------------------
# Now trying [cmt config] in /home/jwsmith/ANA/rel_6/DetCommon/rel_6/Trigger/TrigConfiguration/TrigDbHltUpload/cmt (35/55)
#--------------------------------------------------------------
Removing all previous make fragments from ../aarch64-ubuntu14.04-gcc49-opt
#--------------------------------------------------------------
# Now trying [cmt config] in /home/jwsmith/ANA/rel_6/DetCommon/rel_6/Trigger/TrigConfiguration/TrigDb/cmt (36/55)
#--------------------------------------------------------------
Removing all previous make fragments from ../aarch64-ubuntu14.04-gcc49-opt
#--------------------------------------------------------------
# Now trying [cmt config] in /home/jwsmith/ANA/rel_6/DetCommon/rel_6/Trigger/TrigConfiguration/TriggerTool/cmt (37/55)
#--------------------------------------------------------------
Removing all previous make fragments from ../aarch64-ubuntu14.04-gcc49-opt
#--------------------------------------------------------------
# Now trying [cmt config] in /home/jwsmith/ANA/rel_6/DetCommon/rel_6/Trigger/TrigT1/L1Topo/L1TopoCommon/cmt (38/55)
#--------------------------------------------------------------
Removing all previous make fragments from ../aarch64-ubuntu14.04-gcc49-opt
#--------------------------------------------------------------
# Now trying [cmt config] in /home/jwsmith/ANA/rel_6/DetCommon/rel_6/Trigger/TrigConfiguration/TrigConfMuctpi/cmt (39/55)
#--------------------------------------------------------------
Removing all previous make fragments from ../aarch64-ubuntu14.04-gcc49-opt
#--------------------------------------------------------------
# Now trying [cmt config] in /home/jwsmith/ANA/rel_6/DetCommon/rel_6/Trigger/TrigConfiguration/TrigConfBase/cmt (40/55)
#--------------------------------------------------------------
Removing all previous make fragments from ../aarch64-ubuntu14.04-gcc49-opt
#--------------------------------------------------------------
# Now trying [cmt config] in /home/jwsmith/ANA/rel_6/DetCommon/rel_6/Trigger/TrigT1/L1Topo/L1TopoEvent/cmt (41/55)
#--------------------------------------------------------------
Removing all previous make fragments from ../aarch64-ubuntu14.04-gcc49-opt
#--------------------------------------------------------------
# Now trying [cmt config] in /home/jwsmith/ANA/rel_6/DetCommon/rel_6/Trigger/TrigT1/L1Topo/L1TopoInterfaces/cmt (42/55)
#--------------------------------------------------------------
Removing all previous make fragments from ../aarch64-ubuntu14.04-gcc49-opt
#--------------------------------------------------------------
# Now trying [cmt config] in /home/jwsmith/ANA/rel_6/DetCommon/rel_6/Trigger/TrigT1/L1Topo/L1TopoAlgorithms/cmt (43/55)
#--------------------------------------------------------------
Removing all previous make fragments from ../aarch64-ubuntu14.04-gcc49-opt
#--------------------------------------------------------------
# Now trying [cmt config] in /home/jwsmith/ANA/rel_6/DetCommon/rel_6/Trigger/TrigT1/L1Topo/L1TopoConfig/cmt (44/55)
#--------------------------------------------------------------
Removing all previous make fragments from ../aarch64-ubuntu14.04-gcc49-opt
#--------------------------------------------------------------
# Now trying [cmt config] in /home/jwsmith/ANA/rel_6/DetCommon/rel_6/Trigger/TrigT1/L1Topo/L1TopoCoreSim/cmt (45/55)
#--------------------------------------------------------------
Removing all previous make fragments from ../aarch64-ubuntu14.04-gcc49-opt
#--------------------------------------------------------------
# Now trying [cmt config] in /home/jwsmith/ANA/rel_6/DetCommon/rel_6/Trigger/TrigConfiguration/TrigConfL1Data/cmt (46/55)
#--------------------------------------------------------------
Removing all previous make fragments from ../aarch64-ubuntu14.04-gcc49-opt
#--------------------------------------------------------------
# Now trying [cmt config] in /home/jwsmith/ANA/rel_6/DetCommon/rel_6/Trigger/TrigConfiguration/TrigConfJobOptData/cmt (47/55)
#--------------------------------------------------------------
Removing all previous make fragments from ../aarch64-ubuntu14.04-gcc49-opt
#--------------------------------------------------------------
# Now trying [cmt config] in /home/jwsmith/ANA/rel_6/DetCommon/rel_6/Trigger/TrigConfiguration/TrigConfHLTData/cmt (48/55)
#--------------------------------------------------------------
Removing all previous make fragments from ../aarch64-ubuntu14.04-gcc49-opt
#--------------------------------------------------------------
# Now trying [cmt config] in /home/jwsmith/ANA/rel_6/DetCommon/rel_6/Trigger/TrigConfiguration/TrigConfStorage/cmt (49/55)
#--------------------------------------------------------------
Removing all previous make fragments from ../aarch64-ubuntu14.04-gcc49-opt
#--------------------------------------------------------------
# Now trying [cmt config] in /home/jwsmith/ANA/rel_6/DetCommon/rel_6/Trigger/TrigConfiguration/AutoPrescaleTool/cmt (50/55)
#--------------------------------------------------------------
Removing all previous make fragments from ../aarch64-ubuntu14.04-gcc49-opt
#--------------------------------------------------------------
# Now trying [cmt config] in /home/jwsmith/ANA/rel_6/DetCommon/rel_6/InnerDetector/InDetConditions/InDetCoolCoralClientUtils/cmt (51/55)
#--------------------------------------------------------------
Removing all previous make fragments from ../aarch64-ubuntu14.04-gcc49-opt
#--------------------------------------------------------------
# Now trying [cmt config] in /home/jwsmith/ANA/rel_6/DetCommon/rel_6/Database/CoralDB/cmt (52/55)
#--------------------------------------------------------------
Removing all previous make fragments from ../aarch64-ubuntu14.04-gcc49-opt
#--------------------------------------------------------------
# Now trying [cmt config] in /home/jwsmith/ANA/rel_6/DetCommon/rel_6/Database/CoraCool/cmt (53/55)
#--------------------------------------------------------------
Removing all previous make fragments from ../aarch64-ubuntu14.04-gcc49-opt
#--------------------------------------------------------------
# Now trying [cmt config] in /home/jwsmith/ANA/rel_6/DetCommon/rel_6/PackDist/cmt (54/55)
#--------------------------------------------------------------
Removing all previous make fragments from ../aarch64-ubuntu14.04-gcc49-opt
#--------------------------------------------------------------
# Now trying [cmt config] in /home/jwsmith/ANA/rel_6/DetCommon/rel_6/DetCommonRelease/cmt (55/55)
#--------------------------------------------------------------
Removing all previous make fragments from ../aarch64-ubuntu14.04-gcc49-opt
#--------------------------------------------------------------
# Now trying [make -i -j6] in /home/jwsmith/ANA/rel_6/DetCommon/rel_6/External/AtlasCompilers/cmt (7/55)
#--------------------------------------------------------------
#CMT---> all ok.
#--------------------------------------------------------------
# Now trying [make -i -j6] in /home/jwsmith/ANA/rel_6/DetCommon/rel_6/Tools/AtlasDoxygen/cmt (25/55)
#--------------------------------------------------------------
#CMT---> all ok.
#--------------------------------------------------------------
# Now trying [make -i -j6] in /home/jwsmith/ANA/rel_6/DetCommon/rel_6/AtlasCommonPolicy/cmt (26/55)
#--------------------------------------------------------------
#CMT---> (constituents.make) Starting checkreq
#CMT---> (constituents.make) Starting install_merge_genconfdb
make[2]: Nothing to be done for `install_merge_genconfdb'.
#CMT---> (constituents.make) checkreq done
#CMT---> (constituents.make) install_merge_genconfdb done
#CMT---> all ok.
#--------------------------------------------------------------
# Now trying [make -i -j6] in /home/jwsmith/ANA/rel_6/DetCommon/rel_6/DetCommonPolicy/cmt (27/55)
#--------------------------------------------------------------
#CMT---> (constituents.make) Starting checkreq
#CMT---> (constituents.make) checkreq done
#CMT---> all ok.
#--------------------------------------------------------------
# Now trying [make -i -j6] in /home/jwsmith/ANA/rel_6/DetCommon/rel_6/Trigger/TriggerSimulation/L1TopoCoreSimulation/cmt (28/55)
#--------------------------------------------------------------
#CMT---> (constituents.make) Starting checkreq
#CMT---> (constituents.make) Starting install_header_files
#CMT---> (constituents.make) Starting L1TopoCoreSimulation
#CMT---> (constituents.make) Starting install_includes
#CMT---> (constituents.make) Starting install_pythonmods
#CMT---> (constituents.make) checkreq done
No standard python area
installation done
#CMT---> (constituents.make) install_pythonmods done
Files from standard ../L1TopoCoreSimulation already installed
Files from standard ../L1TopoCoreSimulation already installed
#CMT---> (constituents.make) install_header_files done
#CMT---> (constituents.make) install_includes done
#CMT---> L1TopoCoreSimulation : library ok
#CMT---> installation done
#CMT---> L1TopoCoreSimulation ok
#CMT---> (constituents.make) L1TopoCoreSimulation done
#CMT---> (constituents.make) Starting L1TopoCoreSimulation_optdebug_library
#CMT---> (constituents.make) Starting TrigConfTopoTest
#CMT---> libL1TopoCoreSimulation.so.debug installation done
#CMT---> installation done
#CMT---> (constituents.make) L1TopoCoreSimulation_optdebug_library done
#CMT---> TrigConfTopoTest ok
#CMT---> (constituents.make) TrigConfTopoTest done
#CMT---> all ok.
#--------------------------------------------------------------
# Now trying [make -i -j6] in /home/jwsmith/ANA/rel_6/DetCommon/rel_6/Trigger/TrigT1/L1Topo/L1TopoHardware/cmt (29/55)
#--------------------------------------------------------------
#CMT---> (constituents.make) Starting checkreq
#CMT---> (constituents.make) Starting L1TopoHardware
#CMT---> (constituents.make) Starting install_includes
#CMT---> (constituents.make) Starting install_pythonmods
#CMT---> (constituents.make) Starting install_python_modules
#CMT---> (constituents.make) checkreq done
installation done
Installing files from standard ../python to /home/jwsmith/ANA/rel_6/DetCommon/rel_6/InstallArea/aarch64-ubuntu14.04-gcc49-opt/python
#CMT---> L1TopoHardware : library ok
#CMT---> installation done
installation done
#CMT---> L1TopoHardware ok
#CMT---> (constituents.make) L1TopoHardware done
#CMT---> (constituents.make) install_python_modules done
installation done
Files from standard ../L1TopoHardware already installed
#CMT---> (constituents.make) Starting L1TopoHardware_optdebug_library
#CMT---> (constituents.make) install_pythonmods done
#CMT---> (constituents.make) Starting TrigConfL1TopoGenPyHardware
#CMT---> (constituents.make) install_includes done
#CMT---> libL1TopoHardware.so.debug installation done
#CMT---> installation done
#CMT---> TrigConfL1TopoGenPyHardware ok
#CMT---> (constituents.make) L1TopoHardware_optdebug_library done
#CMT---> (constituents.make) TrigConfL1TopoGenPyHardware done
#CMT---> (constituents.make) Starting PyGenHW
cd ../pygen; \
	TrigConfL1TopoGenPyHardware; \
	cat /dev/null > ../aarch64-ubuntu14.04-gcc49-opt/PyGenHW.stamp
PyGenHW ok
#CMT---> (constituents.make) PyGenHW done
#CMT---> (constituents.make) Starting install_l1topohwpython_modules
installation done
installation done
#CMT---> (constituents.make) install_l1topohwpython_modules done
#CMT---> all ok.
#--------------------------------------------------------------
# Now trying [make -i -j6] in /home/jwsmith/ANA/rel_6/DetCommon/rel_6/Trigger/TrigT1/L1Topo/L1TopoSimulationUtils/cmt (30/55)
#--------------------------------------------------------------
#CMT---> (constituents.make) Starting checkreq
#CMT---> (constituents.make) Starting L1TopoSimulationUtils
#CMT---> (constituents.make) Starting install_includes
#CMT---> (constituents.make) Starting install_pythonmods
Installing files from standard ../python to /home/jwsmith/ANA/rel_6/DetCommon/rel_6/InstallArea/aarch64-ubuntu14.04-gcc49-opt/python
#CMT---> (constituents.make) checkreq done
#CMT---> L1TopoSimulationUtils : library ok
#CMT---> installation done
#CMT---> L1TopoSimulationUtils ok
#CMT---> (constituents.make) L1TopoSimulationUtils done
installation done
Files from standard ../L1TopoSimulationUtils already installed
#CMT---> (constituents.make) install_pythonmods done
#CMT---> (constituents.make) install_includes done
#CMT---> (constituents.make) Starting L1TopoSimulationUtils_optdebug_library
#CMT---> libL1TopoSimulationUtils.so.debug installation done
#CMT---> (constituents.make) L1TopoSimulationUtils_optdebug_library done
#CMT---> all ok.
#--------------------------------------------------------------
# Now trying [make -i -j6] in /home/jwsmith/ANA/rel_6/DetCommon/rel_6/Trigger/TrigT1/L1CommonCore/cmt (31/55)
#--------------------------------------------------------------
#CMT---> (constituents.make) Creating checkreq.lock and Starting checkreq
#CMT---> (constituents.make) Creating install_header_files.lock and Starting install_header_files
#CMT---> (constituents.make) checkreq done
Files from standard ../L1CommonCore already installed
#CMT---> (constituents.make) install_header_files done
#CMT---> all ok.
#--------------------------------------------------------------
# Now trying [make -i -j6] in /home/jwsmith/ANA/rel_6/DetCommon/rel_6/Trigger/TrigT1/L1Common/cmt (32/55)
#--------------------------------------------------------------
#CMT---> (constituents.make) Starting checkreq
#CMT---> (constituents.make) Starting install_header_files
#CMT---> (constituents.make) Starting L1Common
python ../scripts/XMLtoHeader.py -i ../schema/L1Specifications.xml -o L1Common
#CMT---> (constituents.make) checkreq done
Files from standard ../L1Common already installed
#CMT---> (constituents.make) install_header_files done
/bin/mv L1Common*.h ../L1Common/
/bin/mv L1Common*.py ../python/
#/bin/mv L1Common*.java /
#CMT---> (constituents.make) L1Common done
#CMT---> (constituents.make) Starting install_python_modspython_modules
installation done
installation done
installation done
#CMT---> (constituents.make) install_python_modspython_modules done
#CMT---> all ok.
#--------------------------------------------------------------
# Now trying [make -i -j6] in /home/jwsmith/ANA/rel_6/DetCommon/rel_6/Trigger/TrigMonitoring/TrigStatsFromCool/cmt (33/55)
#--------------------------------------------------------------
#CMT---> (constituents.make) Starting checkreq
#CMT---> (constituents.make) Starting install_python_modspython_modules
#CMT---> (constituents.make) Starting install_includes
#CMT---> (constituents.make) Starting install_pythonmods
installation done
#CMT---> (constituents.make) checkreq done
Installing files from standard ../python to /home/jwsmith/ANA/rel_6/DetCommon/rel_6/InstallArea/aarch64-ubuntu14.04-gcc49-opt/python
No standard include file area
installation done
#CMT---> (constituents.make) install_includes done
installation done
#CMT---> (constituents.make) install_python_modspython_modules done
installation done
#CMT---> (constituents.make) install_pythonmods done
#CMT---> all ok.
#--------------------------------------------------------------
# Now trying [make -i -j6] in /home/jwsmith/ANA/rel_6/DetCommon/rel_6/Trigger/TrigConfiguration/TriggerMenuCompiler/cmt (34/55)
#--------------------------------------------------------------
#CMT---> (constituents.make) Starting checkreq
#CMT---> (constituents.make) Starting install_header_files
#CMT---> (constituents.make) Starting TriggerMenuCompiler
#CMT---> (constituents.make) Starting install_TMC_XMLsXML
#CMT---> (constituents.make) Starting install_TMC_Scriptsscripts
#CMT---> (constituents.make) checkreq done
installation done
installation done
installation done
#CMT---> (constituents.make) install_TMC_Scriptsscripts done
installation done
installation done
Files from standard ../TriggerMenuCompiler already installed
installation done
#CMT---> (constituents.make) install_header_files done
installation done
installation done
installation done
installation done
installation done
#CMT---> (constituents.make) install_TMC_XMLsXML done
#CMT---> TriggerMenuCompiler : library ok
#CMT---> installation done
#CMT---> TriggerMenuCompiler ok
#CMT---> (constituents.make) TriggerMenuCompiler done
#CMT---> (constituents.make) Starting TriggerMenuCompiler_optdebug_library
#CMT---> (constituents.make) Starting triggerMenuCompilerApp
#CMT---> (constituents.make) Starting compareTriggerMenu
#CMT---> (constituents.make) Starting copyTriggerMenu
#CMT---> (constituents.make) Starting timeTriggerMenu
#CMT---> (constituents.make) Starting writeLutDefinitions
#CMT---> libTriggerMenuCompiler.so.debug installation done
#CMT---> (constituents.make) TriggerMenuCompiler_optdebug_library done
#CMT---> installation done
#CMT---> installation done
#CMT---> compareTriggerMenu ok
#CMT---> installation done
#CMT---> installation done
#CMT---> timeTriggerMenu ok
#CMT---> (constituents.make) Starting validateXmlFile
#CMT---> installation done
#CMT---> (constituents.make) compareTriggerMenu done
#CMT---> triggerMenuCompilerApp ok
#CMT---> copyTriggerMenu ok
#CMT---> (constituents.make) Starting testBinPacking
#CMT---> (constituents.make) timeTriggerMenu done
#CMT---> writeLutDefinitions ok
#CMT---> (constituents.make) triggerMenuCompilerApp done
#CMT---> (constituents.make) copyTriggerMenu done
#CMT---> (constituents.make) Starting testDeviceNetPort
#CMT---> (constituents.make) writeLutDefinitions done
#CMT---> installation done
#CMT---> validateXmlFile ok
#CMT---> installation done
#CMT---> testBinPacking ok
#CMT---> installation done
#CMT---> (constituents.make) validateXmlFile done
#CMT---> (constituents.make) testBinPacking done
#CMT---> testDeviceNetPort ok
#CMT---> (constituents.make) testDeviceNetPort done
#CMT---> all ok.
#--------------------------------------------------------------
# Now trying [make -i -j6] in /home/jwsmith/ANA/rel_6/DetCommon/rel_6/Trigger/TrigConfiguration/TrigDbHltUpload/cmt (35/55)
#--------------------------------------------------------------
#CMT---> (constituents.make) Starting checkreq
#CMT---> (constituents.make) Starting install_python_modulespython
#CMT---> (constituents.make) Starting install_python_scriptsscripts
#CMT---> (constituents.make) Starting install_XMLXML
installation done
installation done
installation done
#CMT---> (constituents.make) checkreq done
installation done
installation done
installation done
installation done
installation done
#CMT---> (constituents.make) install_XMLXML done
installation done
installation done
installation done
installation done
#CMT---> (constituents.make) install_python_scriptsscripts done
installation done
installation done
installation done
installation done
installation done
installation done
#CMT---> (constituents.make) install_python_modulespython done
#CMT---> all ok.
#--------------------------------------------------------------
# Now trying [make -i -j6] in /home/jwsmith/ANA/rel_6/DetCommon/rel_6/Trigger/TrigConfiguration/TrigDb/cmt (36/55)
#--------------------------------------------------------------
#CMT---> (constituents.make) Starting checkreq
#CMT---> (constituents.make) Starting install_DB_scriptsscripts
#CMT---> (constituents.make) Starting install_sql_scriptssql
#CMT---> (constituents.make) Starting dist
installation done
/bin/mkdir -p /home/jwsmith/ANA/rel_6/DetCommon/rel_6/Trigger/TrigConfiguration/TrigDb/lib
#CMT---> (constituents.make) checkreq done
installation done
ant  -buildfile ../ant/build.xml -DDBSchemaBaseDir=/home/jwsmith/ANA/rel_6/DetCommon/rel_6/Trigger/TrigConfiguration/TrigDb 
installation done
installation done
installation done
installation done
installation done
#CMT---> (constituents.make) install_DB_scriptsscripts done
installation done
installation done
installation done
installation done
#CMT---> (constituents.make) install_sql_scriptssql done
Buildfile: /home/jwsmith/ANA/rel_6/DetCommon/rel_6/Trigger/TrigConfiguration/TrigDb/ant/build.xml
     [echo] Directory for TriggerDB schema /home/jwsmith/ANA/rel_6/DetCommon/rel_6/Trigger/TrigConfiguration/TrigDb
     [echo] Path /home/jwsmith/ANA/rel_6/DetCommon/rel_6/Trigger/TrigConfiguration/TrigDb/cmt
     [echo] Java /usr/lib/jvm/java-7-openjdk-arm64

init:

unzip:
    [unzip] Expanding: /home/jwsmith/ANA/rel_6/DetCommon/rel_6/Trigger/TrigConfiguration/TrigDb/external/mysql-connector-java-3.1.11-bin.jar into /home/jwsmith/ANA/rel_6/DetCommon/rel_6/Trigger/TrigConfiguration/TrigDb/build
    [unzip] Expanding: /home/jwsmith/ANA/rel_6/DetCommon/rel_6/Trigger/TrigConfiguration/TrigDb/external/ojdbc5.jar into /home/jwsmith/ANA/rel_6/DetCommon/rel_6/Trigger/TrigConfiguration/TrigDb/build
    [unzip] Expanding: /home/jwsmith/ANA/rel_6/DetCommon/rel_6/Trigger/TrigConfiguration/TrigDb/external/sqlite-jdbc-3.7.2.jar into /home/jwsmith/ANA/rel_6/DetCommon/rel_6/Trigger/TrigConfiguration/TrigDb/build

compile:
    [javac] /home/jwsmith/ANA/rel_6/DetCommon/rel_6/Trigger/TrigConfiguration/TrigDb/ant/build.xml:96: warning: 'includeantruntime' was not set, defaulting to build.sysclasspath=last; set to false for repeatable builds
    [javac] Compiling 99 source files to /home/jwsmith/ANA/rel_6/DetCommon/rel_6/Trigger/TrigConfiguration/TrigDb/build

doc:

dist:
      [jar] Building jar: /home/jwsmith/ANA/rel_6/DetCommon/rel_6/Trigger/TrigConfiguration/TrigDb/lib/TrigDb.jar
   [genkey] Generating Key for ATLAS-TrigConfig-group-06/May/2015 at 11:25:40 UTC
   [genkey] Picked up _JAVA_OPTIONS: -Xms64m -Xmx128m
  [signjar] Signing JAR: /home/jwsmith/ANA/rel_6/DetCommon/rel_6/Trigger/TrigConfiguration/TrigDb/lib/TrigDb.jar to /home/jwsmith/ANA/rel_6/DetCommon/rel_6/Trigger/TrigConfiguration/TrigDb/lib/TrigDb.jar as ATLAS-TrigConfig-group-06/May/2015 at 11:25:40 UTC
  [signjar] jar signed.
  [signjar] 
  [signjar] Warning: 
  [signjar] The signer certificate will expire within six months.
  [signjar] No -tsa or -tsacert is provided and this jar is not timestamped. Without a timestamp, users may not be able to validate this jar after the signer certificate's expiration date (2015-08-04) or after any future revocation date.
  [signjar] Picked up _JAVA_OPTIONS: -Xms64m -Xmx128m

BUILD SUCCESSFUL
Total time: 13 seconds
#CMT---> (constituents.make) dist done
#CMT---> (constituents.make) Starting install_jars
installation done
#CMT---> (constituents.make) install_jars done
#CMT---> all ok.
#--------------------------------------------------------------
# Now trying [make -i -j6] in /home/jwsmith/ANA/rel_6/DetCommon/rel_6/Trigger/TrigConfiguration/TriggerTool/cmt (37/55)
#--------------------------------------------------------------
#CMT---> (constituents.make) Starting checkreq
#CMT---> (constituents.make) Starting dist
#CMT---> (constituents.make) Starting install_scripts
/bin/mkdir -p /home/jwsmith/ANA/rel_6/DetCommon/rel_6/Trigger/TrigConfiguration/TriggerTool/lib
installation done
#CMT---> (constituents.make) checkreq done
ant  -buildfile ../ant/build.xml -DTRIGDBROOT=/home/jwsmith/ANA/rel_6/DetCommon/rel_6/Trigger/TrigConfiguration/TrigDb 
#CMT---> (constituents.make) install_scripts done
Buildfile: /home/jwsmith/ANA/rel_6/DetCommon/rel_6/Trigger/TrigConfiguration/TriggerTool/ant/build.xml
     [echo] Directory for TriggerDB schema /home/jwsmith/ANA/rel_6/DetCommon/rel_6/Trigger/TrigConfiguration/TrigDb
     [echo] Path /home/jwsmith/ANA/rel_6/DetCommon/rel_6/Trigger/TrigConfiguration/TriggerTool/cmt
     [echo] Java home /usr/lib/jvm/java-7-openjdk-arm64
     [echo] CLASSPATH: /home/jwsmith/ANA/InstallArea/share/lib/TrigDb.jar:/home/jwsmith/ANA/rel_6/DetCommon/rel_6/InstallArea/share/lib/TrigDb.jar:/home/jwsmith/CMT/v1r25p20130606/java
     [echo] Test lib: /home/jwsmith/ANA/rel_6/DetCommon/rel_6/Trigger/TrigConfiguration/TriggerTool/lib/TriggerToolTest.jar
     [echo] Location of TrigDb: /home/jwsmith/ANA/rel_6/DetCommon/rel_6/Trigger/TrigConfiguration/TrigDb

init:
     [exec] Setting TriggerTool version to: 
     [exec] svn: E155007: '/home/jwsmith/ANA/rel_6/DetCommon/rel_6/Trigger/TrigConfiguration/TriggerTool/ant' is not a working copy
     [exec] ../ant/version.sh: line 3: [: ==: unary operator expected

unzip:
    [unzip] Expanding: /home/jwsmith/ANA/rel_6/DetCommon/rel_6/Trigger/TrigConfiguration/TriggerTool/external/commons-cli-1.1.jar into /home/jwsmith/ANA/rel_6/DetCommon/rel_6/Trigger/TrigConfiguration/TriggerTool/build/main
    [unzip] Expanding: /home/jwsmith/ANA/rel_6/DetCommon/rel_6/Trigger/TrigConfiguration/TriggerTool/external/commons-collections-3.2.1.jar into /home/jwsmith/ANA/rel_6/DetCommon/rel_6/Trigger/TrigConfiguration/TriggerTool/build/main
    [unzip] Expanding: /home/jwsmith/ANA/rel_6/DetCommon/rel_6/Trigger/TrigConfiguration/TriggerTool/external/swing-layout-1.0.1.jar into /home/jwsmith/ANA/rel_6/DetCommon/rel_6/Trigger/TrigConfiguration/TriggerTool/build/main
    [unzip] Expanding: /home/jwsmith/ANA/rel_6/DetCommon/rel_6/Trigger/TrigConfiguration/TriggerTool/external/swingx-1.6.jar into /home/jwsmith/ANA/rel_6/DetCommon/rel_6/Trigger/TrigConfiguration/TriggerTool/build/main

compile:
    [javac] /home/jwsmith/ANA/rel_6/DetCommon/rel_6/Trigger/TrigConfiguration/TriggerTool/ant/build.xml:69: warning: 'includeantruntime' was not set, defaulting to build.sysclasspath=last; set to false for repeatable builds
     [copy] Copying 1 file to /home/jwsmith/ANA/rel_6/DetCommon/rel_6/Trigger/TrigConfiguration/TriggerTool/build/main/triggertool

doc:

dist:
      [jar] Building jar: /home/jwsmith/ANA/rel_6/DetCommon/rel_6/Trigger/TrigConfiguration/TriggerTool/lib/TriggerTool.jar
      [jar] Building jar: /home/jwsmith/ANA/rel_6/DetCommon/rel_6/Trigger/TrigConfiguration/TriggerTool/lib/TriggerTool_withoutOra.jar

maketest:
    [unzip] Expanding: /home/jwsmith/ANA/rel_6/DetCommon/rel_6/Trigger/TrigConfiguration/TriggerTool/external/junit-4.8.2.jar into /home/jwsmith/ANA/rel_6/DetCommon/rel_6/Trigger/TrigConfiguration/TriggerTool/build/test
    [javac] /home/jwsmith/ANA/rel_6/DetCommon/rel_6/Trigger/TrigConfiguration/TriggerTool/ant/build.xml:151: warning: 'includeantruntime' was not set, defaulting to build.sysclasspath=last; set to false for repeatable builds

makeunittest:
    [unzip] Expanding: /home/jwsmith/ANA/rel_6/DetCommon/rel_6/Trigger/TrigConfiguration/TriggerTool/external/xmlunit-1.5.jar into /home/jwsmith/ANA/rel_6/DetCommon/rel_6/Trigger/TrigConfiguration/TriggerTool/build/unittest
    [javac] /home/jwsmith/ANA/rel_6/DetCommon/rel_6/Trigger/TrigConfiguration/TriggerTool/ant/build.xml:171: warning: 'includeantruntime' was not set, defaulting to build.sysclasspath=last; set to false for repeatable builds

BUILD SUCCESSFUL
Total time: 4 seconds
#CMT---> (constituents.make) dist done
#CMT---> (constituents.make) Starting install_jars
installation done
installation done
installation done
#CMT---> (constituents.make) install_jars done
#CMT---> all ok.
#--------------------------------------------------------------
# Now trying [make -i -j6] in /home/jwsmith/ANA/rel_6/DetCommon/rel_6/Trigger/TrigT1/L1Topo/L1TopoCommon/cmt (38/55)
#--------------------------------------------------------------
#CMT---> (constituents.make) Starting checkreq
#CMT---> (constituents.make) Starting L1TopoCommon
#CMT---> (constituents.make) Starting install_includes
#CMT---> (constituents.make) Starting install_pythonmods
#CMT---> (constituents.make) checkreq done
No standard python area
#CMT---> L1TopoCommon : library ok
#CMT---> installation done
installation done
#CMT---> L1TopoCommon ok
#CMT---> (constituents.make) install_pythonmods done
#CMT---> (constituents.make) L1TopoCommon done
Files from standard ../L1TopoCommon already installed
#CMT---> (constituents.make) Starting L1TopoCommon_optdebug_library
#CMT---> (constituents.make) install_includes done
#CMT---> libL1TopoCommon.so.debug installation done
#CMT---> (constituents.make) L1TopoCommon_optdebug_library done
#CMT---> all ok.
#--------------------------------------------------------------
# Now trying [make -i -j6] in /home/jwsmith/ANA/rel_6/DetCommon/rel_6/Trigger/TrigConfiguration/TrigConfMuctpi/cmt (39/55)
#--------------------------------------------------------------
#CMT---> (constituents.make) Starting checkreq
#CMT---> (constituents.make) Starting TrigConfMuctpi
#CMT---> (constituents.make) Starting install_header_files
#CMT---> (constituents.make) Starting install_XML
#CMT---> (constituents.make) Starting install_scripts
#CMT---> (constituents.make) Starting install_includes
installation done
#CMT---> (constituents.make) checkreq done
installation done
#CMT---> (constituents.make) Starting install_pythonmods
#CMT---> (constituents.make) install_scripts done
installation done
installation done
installation done
Files from standard ../TrigConfMuctpi already installed
installation done
Files from standard ../TrigConfMuctpi already installed
#CMT---> (constituents.make) install_header_files done
installation done
#CMT---> (constituents.make) install_includes done
installation done
No standard python area
installation done
installation done
installation done
#CMT---> (constituents.make) install_pythonmods done
#CMT---> (constituents.make) install_XML done
#CMT---> TrigConfMuctpi : library ok
#CMT---> installation done
#CMT---> TrigConfMuctpi ok
#CMT---> (constituents.make) TrigConfMuctpi done
#CMT---> (constituents.make) Starting TrigConfMuctpi_optdebug_library
#CMT---> libTrigConfMuctpi.so.debug installation done
#CMT---> (constituents.make) TrigConfMuctpi_optdebug_library done
#CMT---> all ok.
#--------------------------------------------------------------
# Now trying [make -i -j6] in /home/jwsmith/ANA/rel_6/DetCommon/rel_6/Trigger/TrigConfiguration/TrigConfBase/cmt (40/55)
#--------------------------------------------------------------
#CMT---> (constituents.make) Starting checkreq
#CMT---> (constituents.make) Starting TrigConfBase
#CMT---> (constituents.make) Starting install_header_files
#CMT---> (constituents.make) checkreq done
#CMT---> TrigConfBase : library ok
#CMT---> installation done
#CMT---> TrigConfBase ok
#CMT---> (constituents.make) TrigConfBase done
#CMT---> (constituents.make) Starting TrigConfBase_optdebug_library
Files from standard ../TrigConfBase already installed
#CMT---> (constituents.make) install_header_files done
#CMT---> libTrigConfBase.so.debug installation done
#CMT---> (constituents.make) TrigConfBase_optdebug_library done
#CMT---> all ok.
#--------------------------------------------------------------
# Now trying [make -i -j6] in /home/jwsmith/ANA/rel_6/DetCommon/rel_6/Trigger/TrigT1/L1Topo/L1TopoEvent/cmt (41/55)
#--------------------------------------------------------------
#CMT---> (constituents.make) Starting checkreq
#CMT---> (constituents.make) Starting L1TopoEvent
#CMT---> (constituents.make) Starting install_includes
#CMT---> (constituents.make) Starting install_pythonmods
#CMT---> (constituents.make) checkreq done
No standard python area
installation done
#CMT---> (constituents.make) install_pythonmods done
#CMT---> L1TopoEvent : library ok
#CMT---> installation done
Files from standard ../L1TopoEvent already installed
#CMT---> L1TopoEvent ok
#CMT---> (constituents.make) install_includes done
#CMT---> (constituents.make) L1TopoEvent done
#CMT---> (constituents.make) Starting L1TopoEvent_optdebug_library
#CMT---> libL1TopoEvent.so.debug installation done
#CMT---> (constituents.make) L1TopoEvent_optdebug_library done
#CMT---> all ok.
#--------------------------------------------------------------
# Now trying [make -i -j6] in /home/jwsmith/ANA/rel_6/DetCommon/rel_6/Trigger/TrigT1/L1Topo/L1TopoInterfaces/cmt (42/55)
#--------------------------------------------------------------
#CMT---> (constituents.make) Starting checkreq
#CMT---> (constituents.make) Starting L1TopoInterfaces
#CMT---> (constituents.make) Starting install_includes
#CMT---> (constituents.make) Starting install_pythonmods
No standard python area
#CMT---> (constituents.make) checkreq done
installation done
#CMT---> (constituents.make) install_pythonmods done
#CMT---> L1TopoInterfaces : library ok
Files from standard ../L1TopoInterfaces already installed
#CMT---> installation done
#CMT---> L1TopoInterfaces ok
#CMT---> (constituents.make) install_includes done
#CMT---> (constituents.make) L1TopoInterfaces done
#CMT---> (constituents.make) Starting L1TopoInterfaces_optdebug_library
#CMT---> libL1TopoInterfaces.so.debug installation done
#CMT---> (constituents.make) L1TopoInterfaces_optdebug_library done
#CMT---> all ok.
#--------------------------------------------------------------
# Now trying [make -i -j6] in /home/jwsmith/ANA/rel_6/DetCommon/rel_6/Trigger/TrigT1/L1Topo/L1TopoAlgorithms/cmt (43/55)
#--------------------------------------------------------------
#CMT---> (constituents.make) Starting checkreq
#CMT---> (constituents.make) Starting L1TopoAlgorithms
#CMT---> (constituents.make) Starting install_python_modules
#CMT---> (constituents.make) Starting install_includes
#CMT---> (constituents.make) Starting install_pythonmods
installation done
#CMT---> (constituents.make) checkreq done
Installing files from standard ../python to /home/jwsmith/ANA/rel_6/DetCommon/rel_6/InstallArea/aarch64-ubuntu14.04-gcc49-opt/python
installation done
#CMT---> (constituents.make) install_python_modules done
installation done
Files from standard ../L1TopoAlgorithms already installed
#CMT---> (constituents.make) install_pythonmods done
#CMT---> (constituents.make) install_includes done
#CMT---> L1TopoAlgorithms : library ok
#CMT---> installation done
#CMT---> L1TopoAlgorithms ok
#CMT---> (constituents.make) L1TopoAlgorithms done
#CMT---> (constituents.make) Starting L1TopoAlgorithms_optdebug_library
#CMT---> (constituents.make) Starting TrigConfL1TopoGenPyAlg
#CMT---> libL1TopoAlgorithms.so.debug installation done
#CMT---> (constituents.make) L1TopoAlgorithms_optdebug_library done
#CMT---> installation done
#CMT---> TrigConfL1TopoGenPyAlg ok
#CMT---> (constituents.make) TrigConfL1TopoGenPyAlg done
#CMT---> (constituents.make) Starting PyGen
cd ../pygen; \
	TrigConfL1TopoGenPyAlg; \
	cat /dev/null > ../aarch64-ubuntu14.04-gcc49-opt/PyGen.stamp
PyGen ok
#CMT---> (constituents.make) PyGen done
#CMT---> (constituents.make) Starting install_l1topoalgpython_modules
installation done
installation done
#CMT---> (constituents.make) install_l1topoalgpython_modules done
#CMT---> all ok.
#--------------------------------------------------------------
# Now trying [make -i -j6] in /home/jwsmith/ANA/rel_6/DetCommon/rel_6/Trigger/TrigT1/L1Topo/L1TopoConfig/cmt (44/55)
#--------------------------------------------------------------
#CMT---> (constituents.make) Starting checkreq
#CMT---> (constituents.make) Starting L1TopoConfig
#CMT---> (constituents.make) Starting install_xml
#CMT---> (constituents.make) Starting install_includes
#CMT---> (constituents.make) Starting install_pythonmods
installation done
#CMT---> (constituents.make) checkreq done
No standard python area
installation done
installation done
installation done
#CMT---> (constituents.make) install_pythonmods done
installation done
installation done
Files from standard ../L1TopoConfig already installed
installation done
#CMT---> L1TopoConfig : library ok
#CMT---> (constituents.make) install_includes done
#CMT---> installation done
#CMT---> L1TopoConfig ok
#CMT---> (constituents.make) install_xml done
#CMT---> (constituents.make) L1TopoConfig done
#CMT---> (constituents.make) Starting L1TopoConfig_optdebug_library
#CMT---> (constituents.make) Starting TrigConfTopoReader
#CMT---> libL1TopoConfig.so.debug installation done
#CMT---> (constituents.make) L1TopoConfig_optdebug_library done
#CMT---> installation done
#CMT---> TrigConfTopoReader ok
#CMT---> (constituents.make) TrigConfTopoReader done
#CMT---> all ok.
#--------------------------------------------------------------
# Now trying [make -i -j6] in /home/jwsmith/ANA/rel_6/DetCommon/rel_6/Trigger/TrigT1/L1Topo/L1TopoCoreSim/cmt (45/55)
#--------------------------------------------------------------
#CMT---> (constituents.make) Starting L1TopoCoreSim
#CMT---> (constituents.make) Starting checkreq
#CMT---> (constituents.make) Starting install_includes
#CMT---> (constituents.make) Starting install_pythonmods
#CMT---> (constituents.make) checkreq done
No standard python area
installation done
#CMT---> (constituents.make) install_pythonmods done
Files from standard ../L1TopoCoreSim already installed
#CMT---> (constituents.make) install_includes done
#CMT---> L1TopoCoreSim : library ok
#CMT---> installation done
#CMT---> L1TopoCoreSim ok
#CMT---> (constituents.make) L1TopoCoreSim done
#CMT---> (constituents.make) Starting L1TopoCoreSim_optdebug_library
#CMT---> (constituents.make) Starting TrigConfTopoStandAlone
#CMT---> (constituents.make) Starting TrigConfTopoTestSteeringConfig
#CMT---> libL1TopoCoreSim.so.debug installation done
#CMT---> (constituents.make) L1TopoCoreSim_optdebug_library done
#CMT---> installation done
#CMT---> TrigConfTopoTestSteeringConfig ok
#CMT---> (constituents.make) TrigConfTopoTestSteeringConfig done
#CMT---> installation done
#CMT---> TrigConfTopoStandAlone ok
#CMT---> (constituents.make) TrigConfTopoStandAlone done
#CMT---> all ok.
#--------------------------------------------------------------
# Now trying [make -i -j6] in /home/jwsmith/ANA/rel_6/DetCommon/rel_6/Trigger/TrigConfiguration/TrigConfL1Data/cmt (46/55)
#--------------------------------------------------------------
#CMT---> (constituents.make) Starting checkreq
#CMT---> (constituents.make) Starting TrigConfL1Data
#CMT---> (constituents.make) Starting install_header_files
#CMT---> (constituents.make) checkreq done
Files from standard ../TrigConfL1Data already installed
#CMT---> (constituents.make) install_header_files done
#CMT---> TrigConfL1Data : library ok
#CMT---> installation done
#CMT---> TrigConfL1Data ok
#CMT---> (constituents.make) TrigConfL1Data done
#CMT---> (constituents.make) Starting TrigConfL1Data_optdebug_library
#CMT---> libTrigConfL1Data.so.debug installation done
#CMT---> (constituents.make) TrigConfL1Data_optdebug_library done
#CMT---> all ok.
#--------------------------------------------------------------
# Now trying [make -i -j6] in /home/jwsmith/ANA/rel_6/DetCommon/rel_6/Trigger/TrigConfiguration/TrigConfJobOptData/cmt (47/55)
#--------------------------------------------------------------
#CMT---> (constituents.make) Starting checkreq
#CMT---> (constituents.make) Starting TrigConfJobOptData
#CMT---> (constituents.make) Starting install_header_files
#CMT---> (constituents.make) checkreq done
#CMT---> TrigConfJobOptData : library ok
#CMT---> installation done
#CMT---> TrigConfJobOptData ok
#CMT---> (constituents.make) TrigConfJobOptData done
#CMT---> (constituents.make) Starting TrigConfJobOptData_optdebug_library
Files from standard ../TrigConfJobOptData already installed
#CMT---> (constituents.make) install_header_files done
#CMT---> libTrigConfJobOptData.so.debug installation done
#CMT---> (constituents.make) TrigConfJobOptData_optdebug_library done
#CMT---> all ok.
#--------------------------------------------------------------
# Now trying [make -i -j6] in /home/jwsmith/ANA/rel_6/DetCommon/rel_6/Trigger/TrigConfiguration/TrigConfHLTData/cmt (48/55)
#--------------------------------------------------------------
#CMT---> (constituents.make) Starting checkreq
#CMT---> (constituents.make) Starting TrigConfHLTData
#CMT---> (constituents.make) Starting install_header_files
#CMT---> (constituents.make) checkreq done
Files from standard ../TrigConfHLTData already installed
#CMT---> (constituents.make) install_header_files done
#CMT---> TrigConfHLTData : library ok
#CMT---> installation done
#CMT---> TrigConfHLTData ok
#CMT---> (constituents.make) TrigConfHLTData done
#CMT---> (constituents.make) Starting TrigConfHLTData_optdebug_library
#CMT---> libTrigConfHLTData.so.debug installation done
#CMT---> (constituents.make) TrigConfHLTData_optdebug_library done
#CMT---> all ok.
#--------------------------------------------------------------
# Now trying [make -i -j6] in /home/jwsmith/ANA/rel_6/DetCommon/rel_6/Trigger/TrigConfiguration/TrigConfStorage/cmt (49/55)
#--------------------------------------------------------------
#CMT---> (constituents.make) Starting TrigConfStorage
#CMT---> (constituents.make) Starting install_header_files
#CMT---> (constituents.make) Starting checkreq
#CMT---> (constituents.make) Starting install_python_scriptsscripts
#CMT---> (constituents.make) Starting install_python_modspython_modules
installation done
#CMT---> (constituents.make) checkreq done
installation done
installation done
installation done
installation done
installation done
#CMT---> (constituents.make) install_python_scriptsscripts done
Files from standard ../TrigConfStorage already installed
installation done
#CMT---> (constituents.make) install_header_files done
installation done
installation done
installation done
installation done
installation done
installation done
installation done
#CMT---> (constituents.make) install_python_modspython_modules done
#CMT---> TrigConfStorage : library ok
#CMT---> installation done
#CMT---> TrigConfStorage ok
#CMT---> (constituents.make) TrigConfStorage done
#CMT---> (constituents.make) Starting TrigConfStorage_optdebug_library
#CMT---> (constituents.make) Starting TrigConf2COOLApp
#CMT---> (constituents.make) Starting TrigConfCoolFix
#CMT---> (constituents.make) Starting TrigConfReadWrite
#CMT---> (constituents.make) Starting TrigConfTestTriggerDBCoolMix
#CMT---> libTrigConfStorage.so.debug installation done
#CMT---> (constituents.make) TrigConfStorage_optdebug_library done
#CMT---> (constituents.make) Starting TrigConfConsistencyChecker
#CMT---> installation done
#CMT---> installation done
#CMT---> TrigConf2COOLApp ok
#CMT---> TrigConfCoolFix ok
#CMT---> installation done
#CMT---> installation done
#CMT---> (constituents.make) TrigConf2COOLApp done
#CMT---> TrigConfTestTriggerDBCoolMix ok
#CMT---> TrigConfReadWrite ok
#CMT---> (constituents.make) TrigConfCoolFix done
#CMT---> (constituents.make) TrigConfTestTriggerDBCoolMix done
#CMT---> (constituents.make) TrigConfReadWrite done
#CMT---> installation done
#CMT---> TrigConfConsistencyChecker ok
#CMT---> (constituents.make) TrigConfConsistencyChecker done
#CMT---> all ok.
#--------------------------------------------------------------
# Now trying [make -i -j6] in /home/jwsmith/ANA/rel_6/DetCommon/rel_6/Trigger/TrigConfiguration/AutoPrescaleTool/cmt (50/55)
#--------------------------------------------------------------
#CMT---> (constituents.make) Starting checkreq
#CMT---> (constituents.make) Starting AutoPrescaleTool
#CMT---> (constituents.make) Starting install_header_files
#CMT---> (constituents.make) Starting install_AP_XMLXML
installation done
#CMT---> (constituents.make) checkreq done
installation done
installation done
#CMT---> (constituents.make) install_AP_XMLXML done
Files from standard ../AutoPrescaleTool already installed
#CMT---> (constituents.make) install_header_files done
#CMT---> AutoPrescaleTool : library ok
#CMT---> installation done
#CMT---> AutoPrescaleTool ok
#CMT---> (constituents.make) AutoPrescaleTool done
#CMT---> (constituents.make) Starting AutoPrescaleTool_optdebug_library
#CMT---> (constituents.make) Starting AutoPSOnlyL1
#CMT---> libAutoPrescaleTool.so.debug installation done
#CMT---> (constituents.make) AutoPrescaleTool_optdebug_library done
#CMT---> installation done
#CMT---> AutoPSOnlyL1 ok
#CMT---> (constituents.make) AutoPSOnlyL1 done
#CMT---> all ok.
#--------------------------------------------------------------
# Now trying [make -i -j6] in /home/jwsmith/ANA/rel_6/DetCommon/rel_6/InnerDetector/InDetConditions/InDetCoolCoralClientUtils/cmt (51/55)
#--------------------------------------------------------------
#CMT---> (constituents.make) Starting checkreq
#CMT---> (constituents.make) Starting InDetCoolCoralClientUtils
#CMT---> (constituents.make) Starting install_header_files
#CMT---> (constituents.make) checkreq done
Files from standard ../InDetCoolCoralClientUtils already installed
#CMT---> InDetCoolCoralClientUtils : library ok
#CMT---> installation done
#CMT---> (constituents.make) install_header_files done
#CMT---> InDetCoolCoralClientUtils ok
#CMT---> (constituents.make) InDetCoolCoralClientUtils done
#CMT---> (constituents.make) Starting InDetCoolCoralClientUtils_optdebug_library
#CMT---> libInDetCoolCoralClientUtils.so.debug installation done
#CMT---> (constituents.make) InDetCoolCoralClientUtils_optdebug_library done
#CMT---> all ok.
#--------------------------------------------------------------
# Now trying [make -i -j6] in /home/jwsmith/ANA/rel_6/DetCommon/rel_6/Database/CoralDB/cmt (52/55)
#--------------------------------------------------------------
#CMT---> (constituents.make) Starting checkreq
#CMT---> (constituents.make) Starting CoralDB
#CMT---> (constituents.make) Starting install_header_files
#CMT---> (constituents.make) checkreq done
#CMT---> CoralDB : library ok
#CMT---> installation done
Files from standard ../CoralDB already installed
#CMT---> CoralDB ok
#CMT---> (constituents.make) install_header_files done
#CMT---> (constituents.make) CoralDB done
#CMT---> (constituents.make) Starting ccdb
#CMT---> (constituents.make) Starting ccdb-migrate
#CMT---> installation done
#CMT---> ccdb ok
#CMT---> installation done
#CMT---> ccdb-migrate ok
#CMT---> (constituents.make) ccdb done
#CMT---> (constituents.make) ccdb-migrate done
#CMT---> all ok.
#--------------------------------------------------------------
# Now trying [make -i -j6] in /home/jwsmith/ANA/rel_6/DetCommon/rel_6/Database/CoraCool/cmt (53/55)
#--------------------------------------------------------------
#CMT---> (constituents.make) Starting checkreq
#CMT---> (constituents.make) Starting CoraCool
#CMT---> (constituents.make) Starting install_header_files
#CMT---> (constituents.make) checkreq done
Files from standard ../CoraCool already installed
#CMT---> (constituents.make) install_header_files done
#CMT---> CoraCool : library ok
#CMT---> installation done
#CMT---> CoraCool ok
#CMT---> (constituents.make) CoraCool done
#CMT---> all ok.
#--------------------------------------------------------------
# Now trying [make -i -j6] in /home/jwsmith/ANA/rel_6/DetCommon/rel_6/PackDist/cmt (54/55)
#--------------------------------------------------------------
#CMT---> all ok.
#--------------------------------------------------------------
# Now trying [make -i -j6] in /home/jwsmith/ANA/rel_6/DetCommon/rel_6/DetCommonRelease/cmt (55/55)
#--------------------------------------------------------------
#CMT---> (constituents.make) Creating post_merge_rootmap.lock and Starting post_merge_rootmap
#CMT---> (constituents.make) Creating post_merge_genconfdb.lock and Starting post_merge_genconfdb
#CMT---> (constituents.make) Creating checkreq.lock and Starting checkreq
#CMT---> (constituents.make) Creating install_includes.lock and Starting install_includes
#CMT---> (constituents.make) Creating install_pythonmods.lock and Starting install_pythonmods
#CMT---> (constituents.make) post_merge_rootmap done
No standard python area
#CMT---> (constituents.make) checkreq done
No standard include file area
installation done
#CMT---> (constituents.make) install_includes done
#CMT---> (constituents.make) install_pythonmods done
::::::::::::::::::::::::::::::::::::::::::::::::::::::::::::::::::::::::::::::::
::: abuild-merge-genconfdb
::: collecting genconfdb files...
::: collecting genconfdb files... [done] (nbr=0)
::: merging files into [/home/jwsmith/ANA/rel_6/DetCommon/rel_6/InstallArea/aarch64-ubuntu14.04-gcc49-opt/lib/python2.7/DetCommon_merged_confDb.py]...
::: merging files into [/home/jwsmith/ANA/rel_6/DetCommon/rel_6/InstallArea/aarch64-ubuntu14.04-gcc49-opt/lib/python2.7/DetCommon_merged_confDb.py]... [done]
::: bye.
::::::::::::::::::::::::::::::::::::::::::::::::::::::::::::::::::::::::::::::::
#CMT---> (constituents.make) post_merge_genconfdb done
#CMT---> all ok.
