Creating setup scripts.
Creating cleanup scripts.
Creating setup scripts.
Creating cleanup scripts.
Creating setup scripts.
Creating cleanup scripts.
Creating setup scripts.
Creating cleanup scripts.
Creating setup scripts.
Creating cleanup scripts.
Creating setup scripts.
Creating cleanup scripts.
Creating setup scripts.
Creating cleanup scripts.
Creating setup scripts.
Creating cleanup scripts.
Creating setup scripts.
Creating cleanup scripts.
Creating setup scripts.
Creating cleanup scripts.
Creating setup scripts.
Creating cleanup scripts.
Creating setup scripts.
Creating cleanup scripts.
Creating setup scripts.
Creating cleanup scripts.
Creating setup scripts.
Creating cleanup scripts.
Creating setup scripts.
Creating cleanup scripts.
Creating setup scripts.
Creating cleanup scripts.
Creating setup scripts.
Creating cleanup scripts.
Creating setup scripts.
Creating cleanup scripts.
Creating setup scripts.
Creating cleanup scripts.
Creating setup scripts.
Creating cleanup scripts.
Creating setup scripts.
Creating cleanup scripts.
Creating setup scripts.
Creating cleanup scripts.
Creating setup scripts.
Creating cleanup scripts.
#CMT---> (constituents.make) install_headers: No rule for such target
#CMT---> (constituents.make) install_headers: No rule for such target
#CMT---> (constituents.make) install_headers: No rule for such target
#CMT---> (constituents.make) install_headers: No rule for such target
#CMT---> (constituents.make) install_headers: No rule for such target
#CMT---> (constituents.make) install_headers: No rule for such target
#CMT---> (constituents.make) install_headers: No rule for such target
#CMT---> (constituents.make) install_headers: No rule for such target
#CMT---> (constituents.make) install_headers: No rule for such target
#CMT---> (constituents.make) install_headers: No rule for such target
#CMT---> (constituents.make) install_headers: No rule for such target
#CMT---> (constituents.make) install_headers: No rule for such target
#CMT---> (constituents.make) install_headers: No rule for such target
#CMT---> (constituents.make) install_headers: No rule for such target
#CMT---> (constituents.make) install_headers: No rule for such target
#CMT---> (constituents.make) install_headers: No rule for such target
#CMT---> (constituents.make) install_headers: No rule for such target
#CMT---> (constituents.make) install_headers: No rule for such target
#CMT---> (constituents.make) install_headers: No rule for such target
#CMT---> (constituents.make) install_headers: No rule for such target
#CMT---> (constituents.make) install_headers: No rule for such target
#CMT---> (constituents.make) install_headers: No rule for such target
#CMT---> Info: Document checkreq
#CMT---> Info: Document checkreq
#CMT---> Info: Document checkreq
#CMT---> Info: Document install_header_files
#CMT---> Info: Library L1TopoCoreSimulation
#CMT---> Info: Application TrigConfTopoTest
#CMT---> Info: Document install_includes
#CMT---> Info: Document install_pythonmods
#CMT---> Info: calculating dependencies for ../src/Parameter.cxx
#CMT---> Info: calculating dependencies for ../src/TopoCoreSimResult.cxx
#CMT---> Info: calculating dependencies for ../src/test/TopoTest.cxx
#CMT---> Info: calculating dependencies for ../src/BaseTOB.cxx
#CMT---> Info: calculating dependencies for ../src/InputTOBArray.cxx
#CMT---> Info: calculating dependencies for ../src/TopoInputEvent.cxx
#CMT---> Info: calculating dependencies for ../src/DecisionAlg.cxx
#CMT---> Info: calculating dependencies for ../src/ClusterTOBArray.cxx
#CMT---> Info: calculating dependencies for ../src/TOBArray.cxx
#CMT---> Info: calculating dependencies for ../src/SortingAlg.cxx
#CMT---> Info: calculating dependencies for ../src/GlobalDecision.cxx
#CMT---> Info: calculating dependencies for ../src/ParameterArray.cxx
#CMT---> Info: calculating dependencies for ../src/ClusterTOB.cxx
#CMT---> Info: calculating dependencies for ../src/Exception.cxx
#CMT---> Info: calculating dependencies for ../src/AlgFactory.cxx
#CMT---> Info: calculating dependencies for ../src/JetTOB.cxx
#CMT---> Info: calculating dependencies for ../src/DeltaPhiLeading.cxx
#CMT---> Info: calculating dependencies for ../src/LayoutConstraints.cxx
#CMT---> Info: calculating dependencies for ../src/JetTOBArray.cxx
#CMT---> Info: calculating dependencies for ../src/DataArray.cxx
#CMT---> Info: calculating dependencies for ../src/Decision.cxx
#CMT---> Info: calculating dependencies for ../src/Types.cxx
#CMT---> Info: calculating dependencies for ../src/ConfigurableAlg.cxx
#CMT---> Info: calculating dependencies for ../src/StatusCode.cxx
#CMT---> Info: calculating dependencies for ../src/Heap.cxx
#CMT---> Info: calculating dependencies for ../src/TopoSteering.cxx
#CMT---> Info: calculating dependencies for ../src/CompositeTOB.cxx
#CMT---> Info: calculating dependencies for ../src/ClusterSortingAlg.cxx
#CMT---> Info: calculating dependencies for ../src/Connector.cxx
#CMT---> Info: calculating dependencies for ../src/ParameterSpace.cxx
#CMT---> Info: calculating dependencies for ../src/GenericTOB.cxx
#CMT---> Info: Document L1TopoCoreSimulation_optdebug_library
#CMT---> Info: #CMT---> Info: Document install_python_modspython_modules
Document install_includes
#CMT---> Info: Document checkreq
#CMT---> Info: Document install_pythonmods
#CMT---> Info: Document install_header_files
#CMT---> Info: Library TriggerMenuCompilerProxyImpl
#CMT---> Info: Library TriggerMenuCompiler
#CMT---> Info: Document checkreq
#CMT---> Info: Document install_TMC_XMLsXML
#CMT---> Info: calculating dependencies for ../src/CentralTriggerProcessor.cxx
#CMT---> Info: Application triggerMenuCompilerApp
#CMT---> Info: calculating dependencies for ../src/TriggerMenuCompilerProxyImpl.cxx
#CMT---> Info: Application testCamCompiler
#CMT---> Info: Application triggerMenuReverse
#CMT---> Info: calculating dependencies for ../src/test/triggerMenuCompilerApp.cxx
#CMT---> Info: calculating dependencies for ../src/test/testCamCompiler.cxx
#CMT---> Info: calculating dependencies for ../src/PatternInTime.cxx
#CMT---> Info: calculating dependencies for ../src/TMCErrorHandler.cxx
#CMT---> Info: calculating dependencies for ../src/TMCObject.cxx
#CMT---> Info: calculating dependencies for ../src/TriggerInputSignal.cxx
#CMT---> Info: calculating dependencies for ../src/TriggerThreshold.cxx
#CMT---> Info: calculating dependencies for ../src/ContentAddressableMemory.cxx
#CMT---> Info: calculating dependencies for ../src/SumTermResult.cxx
#CMT---> Info: calculating dependencies for ../src/TMCList.cxx
#CMT---> Info: calculating dependencies for ../src/TMCUtilities.cxx
#CMT---> Info: calculating dependencies for ../src/TriggerItem.cxx
#CMT---> Info: calculating dependencies for ../src/TriggerMenu.cxx
#CMT---> Info: calculating dependencies for ../src/LookupTable.cxx
#CMT---> Info: calculating dependencies for ../src/SwitchMatrix.cxx
#CMT---> Info: calculating dependencies for ../src/TMCNode.cxx
#CMT---> Info: calculating dependencies for ../src/TriggerCondition.cxx
#CMT---> Info: calculating dependencies for ../src/TriggerMenuCompiler.cxx
#CMT---> Info: calculating dependencies for ../src/TriggerSumTerm.cxx
#CMT---> Info: calculating dependencies for ../src/test/triggerMenuReverse.cxx
../src/SwitchMatrix.cxx: In member function ‘int TMC::SwitchMatrix::emit(const string&, const TMC::SwitchMatrix::VHDL&, int)’:
../src/SwitchMatrix.cxx:477:17: warning: variable ‘icod’ set but not used [-Wunused-but-set-variable]
     int   ipit, icod;
                 ^
../src/TriggerMenuCompiler.cxx: In member function ‘int TMC::TriggerMenuCompiler::findCtpmonMonitoringDecoder(TMC::TriggerThreshold*, TMC::TMCList*, int)’:
../src/TriggerMenuCompiler.cxx:1549:33: warning: variable ‘atis’ set but not used [-Wunused-but-set-variable]
     TriggerInputSignal*         atis;
                                 ^
#CMT---> Info: Document TriggerMenuCompiler_optdebug_library
#CMT---> Info: #CMT---> Info: Document install_python_scriptsscripts
Document install_python_modulespython
#CMT---> Info: Document install_XMLXML
#CMT---> Info: Document checkreq
#CMT---> Info: Document install_DB_scriptsscripts
#CMT---> Info: Document install_sql_scriptssql
#CMT---> Info: Document checkreq
#CMT---> Info: Document checkreq
#CMT---> Info: Document dist
#CMT---> Info: Document install_scripts
Picked up _JAVA_OPTIONS: -Xms64m -Xmx128m

BUILD FAILED
/home/jwsmith/HDD/AtlasOfflineBuild-framework/InstallArea/DetCommon/DetCommon-18.9.0/Trigger/TrigConfiguration/TriggerTool/ant/build.xml:104: Unable to find a javac compiler;
com.sun.tools.javac.Main is not on the classpath.
Perhaps JAVA_HOME does not point to the JDK.
It is currently set to "/usr/lib/jvm/java-1.8.0-openjdk-1.8.0.25-2.b18.fc21.arm/jre"

Total time: 24 seconds
make[2]: [dist] Error 1 (ignored)
#CMT---> Info: Document install_jars
#CMT---> Info: Library TrigConfMuctpi
#CMT--->#CMT---> Info: Document install_
 Info: Document checkreq
#CMT---> Info: Document install_header_files
#CMT---> Info: Document install_includes
#CMT---> Info: Document install_pythonmods
#CMT---> Info: calculating dependencies for ../src/ErrorHandler.cxx
#CMT---> Info: calculating dependencies for ../src/EntityResolver.cxx
#CMT---> Info: Document TrigConfMuctpi_optdebug_library
#CMT---> Info: Document install_header_files
#CMT---> Info: Document checkreq#CMT---> Info: Library TrigConfBase

#CMT---> Info: calculating dependencies for ../src/TrigDBConnectionConfig.cxx
#CMT---> Info: calculating dependencies for ../src/MsgStream.cxx
#CMT---> Info: Document TrigConfBase_optdebug_library
#CMT---> Info: Document checkreq
#CMT---> Info: Document install_header_files
#CMT---> Info: Library TrigConfL1Data
#CMT---> Info: calculating dependencies for ../src/ThresholdMonitor.cxx
#CMT---> Info: calculating dependencies for ../src/XsThresholdValue.cxx
#CMT---> Info: calculating dependencies for ../src/NimThresholdValue.cxx
#CMT---> Info: calculating dependencies for ../src/ClusterThresholdValue.cxx
#CMT---> Info: calculating dependencies for ../src/MuonThresholdValue.cxx
#CMT---> Info: calculating dependencies for ../src/TrigConfData.cxx
#CMT---> Info: calculating dependencies for ../src/TriggerThreshold.cxx
#CMT---> Info: calculating dependencies for ../src/LutCam.cxx
#CMT---> Info: calculating dependencies for ../src/PrioritySet.cxx
#CMT---> Info: calculating dependencies for ../src/CTPConfig.cxx
#CMT---> Info: calculating dependencies for ../src/Random.cxx
#CMT---> Info: calculating dependencies for ../src/TriggerItem.cxx
#CMT---> Info: calculating dependencies for ../src/PIT.cxx
#CMT---> Info: calculating dependencies for ../src/Menu.cxx
#CMT---> Info: calculating dependencies for ../src/BunchGroup.cxx
#CMT---> Info: calculating dependencies for ../src/JetThresholdValue.cxx
#CMT---> Info: calculating dependencies for ../src/CaloInfo.cxx
#CMT---> Info: calculating dependencies for ../src/L1DataDef.cxx
#CMT---> Info: calculating dependencies for ../src/CTPConfigOnline.cxx
#CMT---> Info: calculating dependencies for ../src/PrescaledClock.cxx
#CMT---> Info: calculating dependencies for ../src/TriggerThresholdValue.cxx
#CMT---> Info: calculating dependencies for ../src/EtThresholdValue.cxx
#CMT---> Info: calculating dependencies for ../src/L1PSNumber.cxx
#CMT---> Info: calculating dependencies for ../src/DeadTime.cxx
#CMT---> Info: calculating dependencies for ../src/LVL1Config.cxx
#CMT---> Info: calculating dependencies for ../src/CaloSinCos.cxx
#CMT---> Info: calculating dependencies for ../src/HelperFunctions.cxx
#CMT---> Info: calculating dependencies for ../src/DiffStruct.cxx
#CMT---> Info: calculating dependencies for ../src/Muctpi.cxx
#CMT---> Info: calculating dependencies for ../src/BunchGroupSet.cxx
#CMT---> Info: calculating dependencies for ../src/ThresholdConfig.cxx
#CMT---> Info: calculating dependencies for ../src/CTPFiles.cxx
#CMT---> Info: calculating dependencies for ../src/CTPExtraWordsFormat.cxx
#CMT---> Info: calculating dependencies for ../src/TriggerItemNode.cxx
#CMT---> Info: calculating dependencies for ../src/METSigParam.cxx
#CMT---> Info: calculating dependencies for ../src/MuonThresholdSet.cxx
#CMT---> Info: calculating dependencies for ../src/PrescaleSet.cxx
#CMT---> Info: calculating dependencies for ../src/CaloJetInput.cxx
#CMT---> Info: Document TrigConfL1Data_optdebug_library
#CMT---> Info: Document checkreq
#CMT---> Info: Library TrigConfJobOptData
#CMT---> Info: Document install_header_files
#CMT---> Info: calculating dependencies for ../src/JobOptionTable.cxx
#CMT---> Info: calculating dependencies for ../src/JobOption.cxx
#CMT---> Info: Document TrigConfJobOptData_optdebug_library
#CMT---> Info: Library TrigConfHLTData
#CMT---> Info: Document checkreq
#CMT---> Info: Document install_header_files
#CMT---> Info: calculating dependencies for ../src/HLTSequenceList.cxx
#CMT---> Info: calculating dependencies for ../src/HLTUtils.cxx
#CMT---> Info: calculating dependencies for ../src/HLTTriggerType.cxx
#CMT---> Info: calculating dependencies for ../src/HLTFrame.cxx
#CMT---> Info: calculating dependencies for ../src/HLTSequence.cxx
#CMT---> Info: calculating dependencies for ../src/HLTLevel.cxx
#CMT---> Info: calculating dependencies for ../src/HLTChainList.cxx
#CMT---> Info: calculating dependencies for ../src/HLTChain.cxx
#CMT---> Info: calculating dependencies for ../src/HLTPrescaleSetCollection.cxx
#CMT---> Info: calculating dependencies for ../src/HLTStreamTag.cxx
#CMT---> Info: calculating dependencies for ../src/HLTTriggerElement.cxx
#CMT---> Info: calculating dependencies for ../src/HLTSignature.cxx
#CMT---> Info: calculating dependencies for ../src/HLTPrescaleSet.cxx
#CMT---> Info: calculating dependencies for ../src/HLTPrescale.cxx
make[2]: *** Deleting file '../armv7l-fc21-gcc49-opt/HLTChainList.o'
make[2]: [../armv7l-fc21-gcc49-opt/HLTChain.o] Interrupt (ignored)
make[2]: [../armv7l-fc21-gcc49-opt/HLTTriggerElement.o] Interrupt (ignored)
make[2]: [../armv7l-fc21-gcc49-opt/HLTSignature.o] Interrupt (ignored)
make[2]: [../armv7l-fc21-gcc49-opt/HLTChainList.o] Interrupt (ignored)
make[1]: [TrigConfHLTDatacompile] Interrupt (ignored)
make: [all] Interrupt (ignored)
#CMT---> Info: Document checkreq
#CMT---> Info: #CMT---> Info: Application TrigConf2COOLApp
Document install_header_files
#CMT---> Info: Library TrigConfStorage
#CMT---> Info: Application TrigConfConsistencyChecker
#CMT---> Info: Document install_python_scriptsscripts
#CMT---> Info: Application TrigConfReadWrite
#CMT---> Info: Document install_python_modspython_modules
make[1]: [TrigConfReadWriteprototype] Interrupt (ignored)
make[1]: [TrigConfStoragecompile] Interrupt (ignored)
make[1]: [install_python_modspython_modules] Interrupt (ignored)
make[2]: [/home/jwsmith/HDD/AtlasOfflineBuild-framework/InstallArea/DetCommon/DetCommon-18.9.0/InstallArea/share/bin/AtlCoolTrigger.py] Interrupt (ignored)
make[1]: [install_python_scriptsscripts] Interrupt (ignored)
make: [all] Interrupt (ignored)
make[1]: [dirs] Interrupt (ignored)
make[1]: *** wait: No child processes.  Stop.
make[1]: *** Waiting for unfinished jobs....
make[1]: *** wait: No child processes.  Stop.
make: [all] Error 2 (ignored)
make[1]: [dirs] Interrupt (ignored)
make[1]: [../armv7l-fc21-gcc49-opt/cmt_build_library_links.stamp] Interrupt (ignored)
make: [all] Interrupt (ignored)
make[1]: [../armv7l-fc21-gcc49-opt/cmt_build_library_links.stamp] Interrupt (ignored)
make[1]: [dirs] Interrupt (ignored)
make: [all] Interrupt (ignored)
make[1]: [dirs] Interrupt (ignored)
make[1]: [../armv7l-fc21-gcc49-opt/cmt_build_library_links.stamp] Interrupt (ignored)
make: [all] Interrupt (ignored)
make[1]: [../armv7l-fc21-gcc49-opt/cmt_build_library_links.stamp] Interrupt (ignored)
make: [all] Interrupt (ignored)
