#--------------------------------------------------------------
# PackDist PackDist-00-12-00 : Now trying [cmt config] in /home/jwsmith/HDD/AtlasOfflineBuild-framework/InstallArea/DetCommon/DetCommon-18.9.0/PackDist/cmt (1/37)
#--------------------------------------------------------------
Removing all previous make fragments from ../armv7l-fc21-gcc49-opt
#--------------------------------------------------------------
# AtlasCompilers AtlasCompilers-00-00-18 External: Now trying [cmt config] in /home/jwsmith/HDD/AtlasOfflineBuild-framework/InstallArea/DetCommon/DetCommon-18.9.0/External/AtlasCompilers/cmt (5/37)
#--------------------------------------------------------------
Removing all previous make fragments from ../armv7l-fc21-gcc49-opt
#--------------------------------------------------------------
# AtlasDoxygen AtlasDoxygen-00-03-03 Tools: Now trying [cmt config] in /home/jwsmith/HDD/AtlasOfflineBuild-framework/InstallArea/DetCommon/DetCommon-18.9.0/Tools/AtlasDoxygen/cmt (18/37)
#--------------------------------------------------------------
Removing all previous make fragments from ../armv7l-fc21-gcc49-opt
#--------------------------------------------------------------
# AtlasCommonPolicy AtlasCommonPolicy-00-00-24 : Now trying [cmt config] in /home/jwsmith/HDD/AtlasOfflineBuild-framework/InstallArea/DetCommon/DetCommon-18.9.0/AtlasCommonPolicy/cmt (19/37)
#--------------------------------------------------------------
Removing all previous make fragments from ../armv7l-fc21-gcc49-opt
#--------------------------------------------------------------
# DetCommonPolicy DetCommonPolicy-00-00-25 : Now trying [cmt config] in /home/jwsmith/HDD/AtlasOfflineBuild-framework/InstallArea/DetCommon/DetCommon-18.9.0/DetCommonPolicy/cmt (20/37)
#--------------------------------------------------------------
Removing all previous make fragments from ../armv7l-fc21-gcc49-opt
#--------------------------------------------------------------
# L1TopoCoreSimulation L1TopoCoreSimulation-00-00-02 Trigger/TriggerSimulation: Now trying [cmt config] in /home/jwsmith/HDD/AtlasOfflineBuild-framework/InstallArea/DetCommon/DetCommon-18.9.0/Trigger/TriggerSimulation/L1TopoCoreSimulation/cmt (21/37)
#--------------------------------------------------------------
Removing all previous make fragments from ../armv7l-fc21-gcc49-opt
#--------------------------------------------------------------
# TrigStatsFromCool TrigStatsFromCool-00-00-02 Trigger/TrigMonitoring: Now trying [cmt config] in /home/jwsmith/HDD/AtlasOfflineBuild-framework/InstallArea/DetCommon/DetCommon-18.9.0/Trigger/TrigMonitoring/TrigStatsFromCool/cmt (22/37)
#--------------------------------------------------------------
Removing all previous make fragments from ../armv7l-fc21-gcc49-opt
#--------------------------------------------------------------
# TriggerMenuCompiler TriggerMenuCompiler-00-00-24 Trigger/TrigConfiguration: Now trying [cmt config] in /home/jwsmith/HDD/AtlasOfflineBuild-framework/InstallArea/DetCommon/DetCommon-18.9.0/Trigger/TrigConfiguration/TriggerMenuCompiler/cmt (23/37)
#--------------------------------------------------------------
Removing all previous make fragments from ../armv7l-fc21-gcc49-opt
#--------------------------------------------------------------
# TrigDbHltUpload TrigDbHltUpload-00-00-84 Trigger/TrigConfiguration: Now trying [cmt config] in /home/jwsmith/HDD/AtlasOfflineBuild-framework/InstallArea/DetCommon/DetCommon-18.9.0/Trigger/TrigConfiguration/TrigDbHltUpload/cmt (24/37)
#--------------------------------------------------------------
Removing all previous make fragments from ../armv7l-fc21-gcc49-opt
#--------------------------------------------------------------
# TrigDb TrigDb-00-01-24 Trigger/TrigConfiguration: Now trying [cmt config] in /home/jwsmith/HDD/AtlasOfflineBuild-framework/InstallArea/DetCommon/DetCommon-18.9.0/Trigger/TrigConfiguration/TrigDb/cmt (25/37)
#--------------------------------------------------------------
Removing all previous make fragments from ../armv7l-fc21-gcc49-opt
#--------------------------------------------------------------
# TriggerTool TriggerTool-02-02-85-13 Trigger/TrigConfiguration: Now trying [cmt config] in /home/jwsmith/HDD/AtlasOfflineBuild-framework/InstallArea/DetCommon/DetCommon-18.9.0/Trigger/TrigConfiguration/TriggerTool/cmt (26/37)
#--------------------------------------------------------------
Removing all previous make fragments from ../armv7l-fc21-gcc49-opt
#--------------------------------------------------------------
# TrigConfMuctpi TrigConfMuctpi-00-00-04 Trigger/TrigConfiguration: Now trying [cmt config] in /home/jwsmith/HDD/AtlasOfflineBuild-framework/InstallArea/DetCommon/DetCommon-18.9.0/Trigger/TrigConfiguration/TrigConfMuctpi/cmt (27/37)
#--------------------------------------------------------------
Removing all previous make fragments from ../armv7l-fc21-gcc49-opt
#--------------------------------------------------------------
# TrigConfBase TrigConfBase-00-00-03 Trigger/TrigConfiguration: Now trying [cmt config] in /home/jwsmith/HDD/AtlasOfflineBuild-framework/InstallArea/DetCommon/DetCommon-18.9.0/Trigger/TrigConfiguration/TrigConfBase/cmt (28/37)
#--------------------------------------------------------------
Removing all previous make fragments from ../armv7l-fc21-gcc49-opt
#--------------------------------------------------------------
# TrigConfL1Data TrigConfL1Data-02-00-13 Trigger/TrigConfiguration: Now trying [cmt config] in /home/jwsmith/HDD/AtlasOfflineBuild-framework/InstallArea/DetCommon/DetCommon-18.9.0/Trigger/TrigConfiguration/TrigConfL1Data/cmt (29/37)
#--------------------------------------------------------------
Removing all previous make fragments from ../armv7l-fc21-gcc49-opt
#--------------------------------------------------------------
# TrigConfJobOptData TrigConfJobOptData-01-00-01 Trigger/TrigConfiguration: Now trying [cmt config] in /home/jwsmith/HDD/AtlasOfflineBuild-framework/InstallArea/DetCommon/DetCommon-18.9.0/Trigger/TrigConfiguration/TrigConfJobOptData/cmt (30/37)
#--------------------------------------------------------------
Removing all previous make fragments from ../armv7l-fc21-gcc49-opt
#--------------------------------------------------------------
# TrigConfHLTData TrigConfHLTData-01-00-17 Trigger/TrigConfiguration: Now trying [cmt config] in /home/jwsmith/HDD/AtlasOfflineBuild-framework/InstallArea/DetCommon/DetCommon-18.9.0/Trigger/TrigConfiguration/TrigConfHLTData/cmt (31/37)
#--------------------------------------------------------------
Removing all previous make fragments from ../armv7l-fc21-gcc49-opt
#--------------------------------------------------------------
# TrigConfStorage TrigConfStorage-03-00-16 Trigger/TrigConfiguration: Now trying [cmt config] in /home/jwsmith/HDD/AtlasOfflineBuild-framework/InstallArea/DetCommon/DetCommon-18.9.0/Trigger/TrigConfiguration/TrigConfStorage/cmt (32/37)
#--------------------------------------------------------------
Removing all previous make fragments from ../armv7l-fc21-gcc49-opt
#--------------------------------------------------------------
# AutoPrescaleTool AutoPrescaleTool-00-00-12 Trigger/TrigConfiguration: Now trying [cmt config] in /home/jwsmith/HDD/AtlasOfflineBuild-framework/InstallArea/DetCommon/DetCommon-18.9.0/Trigger/TrigConfiguration/AutoPrescaleTool/cmt (33/37)
#--------------------------------------------------------------
Removing all previous make fragments from ../armv7l-fc21-gcc49-opt
#--------------------------------------------------------------
# InDetCoolCoralClientUtils InDetCoolCoralClientUtils-00-01-03 InnerDetector/InDetConditions: Now trying [cmt config] in /home/jwsmith/HDD/AtlasOfflineBuild-framework/InstallArea/DetCommon/DetCommon-18.9.0/InnerDetector/InDetConditions/InDetCoolCoralClientUtils/cmt (34/37)
#--------------------------------------------------------------
Removing all previous make fragments from ../armv7l-fc21-gcc49-opt
#--------------------------------------------------------------
# CoralDB CoralDB-00-00-17 Database: Now trying [cmt config] in /home/jwsmith/HDD/AtlasOfflineBuild-framework/InstallArea/DetCommon/DetCommon-18.9.0/Database/CoralDB/cmt (35/37)
#--------------------------------------------------------------
Removing all previous make fragments from ../armv7l-fc21-gcc49-opt
#--------------------------------------------------------------
# CoraCool CoraCool-00-04-03 Database: Now trying [cmt config] in /home/jwsmith/HDD/AtlasOfflineBuild-framework/InstallArea/DetCommon/DetCommon-18.9.0/Database/CoraCool/cmt (36/37)
#--------------------------------------------------------------
Removing all previous make fragments from ../armv7l-fc21-gcc49-opt
#--------------------------------------------------------------
# DetCommonRelease DetCommonRelease-v* : Now trying [cmt config] in /home/jwsmith/HDD/AtlasOfflineBuild-framework/InstallArea/DetCommon/DetCommon-18.9.0/DetCommonRelease/cmt (37/37)
#--------------------------------------------------------------
#--------------------------------------------------------------
# PackDist PackDist-00-12-00 : Now trying [make install_headers] in /home/jwsmith/HDD/AtlasOfflineBuild-framework/InstallArea/DetCommon/DetCommon-18.9.0/PackDist/cmt (1/37)
#--------------------------------------------------------------
#CMT---> (Makefile.header) Rebuilding ../armv7l-fc21-gcc49-opt/armv7l-fc21-gcc49-opt.make
#--------------------------------------------------------------
# AtlasCompilers AtlasCompilers-00-00-18 External: Now trying [make install_headers] in /home/jwsmith/HDD/AtlasOfflineBuild-framework/InstallArea/DetCommon/DetCommon-18.9.0/External/AtlasCompilers/cmt (5/37)
#--------------------------------------------------------------
#CMT---> (Makefile.header) Rebuilding ../armv7l-fc21-gcc49-opt/armv7l-fc21-gcc49-opt.make
#--------------------------------------------------------------
# AtlasDoxygen AtlasDoxygen-00-03-03 Tools: Now trying [make install_headers] in /home/jwsmith/HDD/AtlasOfflineBuild-framework/InstallArea/DetCommon/DetCommon-18.9.0/Tools/AtlasDoxygen/cmt (18/37)
#--------------------------------------------------------------
#CMT---> (Makefile.header) Rebuilding ../armv7l-fc21-gcc49-opt/armv7l-fc21-gcc49-opt.make
#--------------------------------------------------------------
# AtlasCommonPolicy AtlasCommonPolicy-00-00-24 : Now trying [make install_headers] in /home/jwsmith/HDD/AtlasOfflineBuild-framework/InstallArea/DetCommon/DetCommon-18.9.0/AtlasCommonPolicy/cmt (19/37)
#--------------------------------------------------------------
#CMT---> (Makefile.header) Rebuilding ../armv7l-fc21-gcc49-opt/armv7l-fc21-gcc49-opt.make
#--------------------------------------------------------------
# DetCommonPolicy DetCommonPolicy-00-00-25 : Now trying [make install_headers] in /home/jwsmith/HDD/AtlasOfflineBuild-framework/InstallArea/DetCommon/DetCommon-18.9.0/DetCommonPolicy/cmt (20/37)
#--------------------------------------------------------------
#CMT---> (Makefile.header) Rebuilding ../armv7l-fc21-gcc49-opt/armv7l-fc21-gcc49-opt.make
#--------------------------------------------------------------
# L1TopoCoreSimulation L1TopoCoreSimulation-00-00-02 Trigger/TriggerSimulation: Now trying [make install_headers] in /home/jwsmith/HDD/AtlasOfflineBuild-framework/InstallArea/DetCommon/DetCommon-18.9.0/Trigger/TriggerSimulation/L1TopoCoreSimulation/cmt (21/37)
#--------------------------------------------------------------
#CMT---> (Makefile.header) Rebuilding ../armv7l-fc21-gcc49-opt/armv7l-fc21-gcc49-opt.make
#--------------------------------------------------------------
# TrigStatsFromCool TrigStatsFromCool-00-00-02 Trigger/TrigMonitoring: Now trying [make install_headers] in /home/jwsmith/HDD/AtlasOfflineBuild-framework/InstallArea/DetCommon/DetCommon-18.9.0/Trigger/TrigMonitoring/TrigStatsFromCool/cmt (22/37)
#--------------------------------------------------------------
#CMT---> (Makefile.header) Rebuilding ../armv7l-fc21-gcc49-opt/armv7l-fc21-gcc49-opt.make
#--------------------------------------------------------------
# TriggerMenuCompiler TriggerMenuCompiler-00-00-24 Trigger/TrigConfiguration: Now trying [make install_headers] in /home/jwsmith/HDD/AtlasOfflineBuild-framework/InstallArea/DetCommon/DetCommon-18.9.0/Trigger/TrigConfiguration/TriggerMenuCompiler/cmt (23/37)
#--------------------------------------------------------------
#CMT---> (Makefile.header) Rebuilding ../armv7l-fc21-gcc49-opt/armv7l-fc21-gcc49-opt.make
#--------------------------------------------------------------
# TrigDbHltUpload TrigDbHltUpload-00-00-84 Trigger/TrigConfiguration: Now trying [make install_headers] in /home/jwsmith/HDD/AtlasOfflineBuild-framework/InstallArea/DetCommon/DetCommon-18.9.0/Trigger/TrigConfiguration/TrigDbHltUpload/cmt (24/37)
#--------------------------------------------------------------
#CMT---> (Makefile.header) Rebuilding ../armv7l-fc21-gcc49-opt/armv7l-fc21-gcc49-opt.make
#--------------------------------------------------------------
# TrigDb TrigDb-00-01-24 Trigger/TrigConfiguration: Now trying [make install_headers] in /home/jwsmith/HDD/AtlasOfflineBuild-framework/InstallArea/DetCommon/DetCommon-18.9.0/Trigger/TrigConfiguration/TrigDb/cmt (25/37)
#--------------------------------------------------------------
#CMT---> (Makefile.header) Rebuilding ../armv7l-fc21-gcc49-opt/armv7l-fc21-gcc49-opt.make
#--------------------------------------------------------------
# TriggerTool TriggerTool-02-02-85-13 Trigger/TrigConfiguration: Now trying [make install_headers] in /home/jwsmith/HDD/AtlasOfflineBuild-framework/InstallArea/DetCommon/DetCommon-18.9.0/Trigger/TrigConfiguration/TriggerTool/cmt (26/37)
#--------------------------------------------------------------
#CMT---> (Makefile.header) Rebuilding ../armv7l-fc21-gcc49-opt/armv7l-fc21-gcc49-opt.make
#--------------------------------------------------------------
# TrigConfMuctpi TrigConfMuctpi-00-00-04 Trigger/TrigConfiguration: Now trying [make install_headers] in /home/jwsmith/HDD/AtlasOfflineBuild-framework/InstallArea/DetCommon/DetCommon-18.9.0/Trigger/TrigConfiguration/TrigConfMuctpi/cmt (27/37)
#--------------------------------------------------------------
#CMT---> (Makefile.header) Rebuilding ../armv7l-fc21-gcc49-opt/armv7l-fc21-gcc49-opt.make
#--------------------------------------------------------------
# TrigConfBase TrigConfBase-00-00-03 Trigger/TrigConfiguration: Now trying [make install_headers] in /home/jwsmith/HDD/AtlasOfflineBuild-framework/InstallArea/DetCommon/DetCommon-18.9.0/Trigger/TrigConfiguration/TrigConfBase/cmt (28/37)
#--------------------------------------------------------------
#CMT---> (Makefile.header) Rebuilding ../armv7l-fc21-gcc49-opt/armv7l-fc21-gcc49-opt.make
#--------------------------------------------------------------
# TrigConfL1Data TrigConfL1Data-02-00-13 Trigger/TrigConfiguration: Now trying [make install_headers] in /home/jwsmith/HDD/AtlasOfflineBuild-framework/InstallArea/DetCommon/DetCommon-18.9.0/Trigger/TrigConfiguration/TrigConfL1Data/cmt (29/37)
#--------------------------------------------------------------
#CMT---> (Makefile.header) Rebuilding ../armv7l-fc21-gcc49-opt/armv7l-fc21-gcc49-opt.make
#--------------------------------------------------------------
# TrigConfJobOptData TrigConfJobOptData-01-00-01 Trigger/TrigConfiguration: Now trying [make install_headers] in /home/jwsmith/HDD/AtlasOfflineBuild-framework/InstallArea/DetCommon/DetCommon-18.9.0/Trigger/TrigConfiguration/TrigConfJobOptData/cmt (30/37)
#--------------------------------------------------------------
#CMT---> (Makefile.header) Rebuilding ../armv7l-fc21-gcc49-opt/armv7l-fc21-gcc49-opt.make
#--------------------------------------------------------------
# TrigConfHLTData TrigConfHLTData-01-00-17 Trigger/TrigConfiguration: Now trying [make install_headers] in /home/jwsmith/HDD/AtlasOfflineBuild-framework/InstallArea/DetCommon/DetCommon-18.9.0/Trigger/TrigConfiguration/TrigConfHLTData/cmt (31/37)
#--------------------------------------------------------------
#CMT---> (Makefile.header) Rebuilding ../armv7l-fc21-gcc49-opt/armv7l-fc21-gcc49-opt.make
#--------------------------------------------------------------
# TrigConfStorage TrigConfStorage-03-00-16 Trigger/TrigConfiguration: Now trying [make install_headers] in /home/jwsmith/HDD/AtlasOfflineBuild-framework/InstallArea/DetCommon/DetCommon-18.9.0/Trigger/TrigConfiguration/TrigConfStorage/cmt (32/37)
#--------------------------------------------------------------
#CMT---> (Makefile.header) Rebuilding ../armv7l-fc21-gcc49-opt/armv7l-fc21-gcc49-opt.make
#--------------------------------------------------------------
# AutoPrescaleTool AutoPrescaleTool-00-00-12 Trigger/TrigConfiguration: Now trying [make install_headers] in /home/jwsmith/HDD/AtlasOfflineBuild-framework/InstallArea/DetCommon/DetCommon-18.9.0/Trigger/TrigConfiguration/AutoPrescaleTool/cmt (33/37)
#--------------------------------------------------------------
#CMT---> (Makefile.header) Rebuilding ../armv7l-fc21-gcc49-opt/armv7l-fc21-gcc49-opt.make
#--------------------------------------------------------------
# InDetCoolCoralClientUtils InDetCoolCoralClientUtils-00-01-03 InnerDetector/InDetConditions: Now trying [make install_headers] in /home/jwsmith/HDD/AtlasOfflineBuild-framework/InstallArea/DetCommon/DetCommon-18.9.0/InnerDetector/InDetConditions/InDetCoolCoralClientUtils/cmt (34/37)
#--------------------------------------------------------------
#CMT---> (Makefile.header) Rebuilding ../armv7l-fc21-gcc49-opt/armv7l-fc21-gcc49-opt.make
#--------------------------------------------------------------
# CoralDB CoralDB-00-00-17 Database: Now trying [make install_headers] in /home/jwsmith/HDD/AtlasOfflineBuild-framework/InstallArea/DetCommon/DetCommon-18.9.0/Database/CoralDB/cmt (35/37)
#--------------------------------------------------------------
#CMT---> (Makefile.header) Rebuilding ../armv7l-fc21-gcc49-opt/armv7l-fc21-gcc49-opt.make
#--------------------------------------------------------------
# CoraCool CoraCool-00-04-03 Database: Now trying [make install_headers] in /home/jwsmith/HDD/AtlasOfflineBuild-framework/InstallArea/DetCommon/DetCommon-18.9.0/Database/CoraCool/cmt (36/37)
#--------------------------------------------------------------
#CMT---> (Makefile.header) Rebuilding ../armv7l-fc21-gcc49-opt/armv7l-fc21-gcc49-opt.make
#--------------------------------------------------------------
# DetCommonRelease DetCommonRelease-v* : Now trying [make install_headers] in /home/jwsmith/HDD/AtlasOfflineBuild-framework/InstallArea/DetCommon/DetCommon-18.9.0/DetCommonRelease/cmt (37/37)
#--------------------------------------------------------------
#CMT---> (Makefile.header) Rebuilding ../armv7l-fc21-gcc49-opt/armv7l-fc21-gcc49-opt.make
#--------------------------------------------------------------
# PackDist PackDist-00-12-00 : Now trying [make -i -j4] in /home/jwsmith/HDD/AtlasOfflineBuild-framework/InstallArea/DetCommon/DetCommon-18.9.0/PackDist/cmt (1/37)
#--------------------------------------------------------------
#CMT---> (constituents.make) Rebuilding library links
#CMT---> all ok.
#--------------------------------------------------------------
# AtlasCompilers AtlasCompilers-00-00-18 External: Now trying [make -i -j4] in /home/jwsmith/HDD/AtlasOfflineBuild-framework/InstallArea/DetCommon/DetCommon-18.9.0/External/AtlasCompilers/cmt (5/37)
#--------------------------------------------------------------
#CMT---> (constituents.make) Rebuilding library links
#CMT---> all ok.
#--------------------------------------------------------------
# AtlasDoxygen AtlasDoxygen-00-03-03 Tools: Now trying [make -i -j4] in /home/jwsmith/HDD/AtlasOfflineBuild-framework/InstallArea/DetCommon/DetCommon-18.9.0/Tools/AtlasDoxygen/cmt (18/37)
#--------------------------------------------------------------
#CMT---> (constituents.make) Rebuilding library links
#CMT---> all ok.
#--------------------------------------------------------------
# AtlasCommonPolicy AtlasCommonPolicy-00-00-24 : Now trying [make -i -j4] in /home/jwsmith/HDD/AtlasOfflineBuild-framework/InstallArea/DetCommon/DetCommon-18.9.0/AtlasCommonPolicy/cmt (19/37)
#--------------------------------------------------------------
#CMT---> (constituents.make) Rebuilding library links
#CMT---> (constituents.make) Building checkreq.make
#CMT---> (constituents.make) Starting checkreq
#CMT---> (constituents.make) checkreq done
#CMT---> all ok.
#--------------------------------------------------------------
# DetCommonPolicy DetCommonPolicy-00-00-25 : Now trying [make -i -j4] in /home/jwsmith/HDD/AtlasOfflineBuild-framework/InstallArea/DetCommon/DetCommon-18.9.0/DetCommonPolicy/cmt (20/37)
#--------------------------------------------------------------
#CMT---> (constituents.make) Rebuilding library links
#CMT---> (constituents.make) Building checkreq.make
#CMT---> (constituents.make) Starting checkreq
#CMT---> (constituents.make) checkreq done
#CMT---> all ok.
#--------------------------------------------------------------
# L1TopoCoreSimulation L1TopoCoreSimulation-00-00-02 Trigger/TriggerSimulation: Now trying [make -i -j4] in /home/jwsmith/HDD/AtlasOfflineBuild-framework/InstallArea/DetCommon/DetCommon-18.9.0/Trigger/TriggerSimulation/L1TopoCoreSimulation/cmt (21/37)
#--------------------------------------------------------------
#CMT---> (constituents.make) Rebuilding library links
#CMT---> (constituents.make) Building checkreq.make
#CMT---> (constituents.make) Building L1TopoCoreSimulation.make
#CMT---> (constituents.make) Building install_header_files.make
#CMT---> (constituents.make) Building TrigConfTopoTest.make
#CMT---> (constituents.make) Building install_includes.make
#CMT---> (constituents.make) Building install_pythonmods.make
#CMT---> (constituents.make) Starting checkreq
#CMT---> (constituents.make) Starting install_header_files
#CMT---> (constituents.make) Starting L1TopoCoreSimulationcompile
#CMT---> (constituents.make) Starting TrigConfTopoTestprototype
#CMT---> (constituents.make) checkreq done
Files from standard ../L1TopoCoreSimulation already installed
#CMT---> (constituents.make) Starting install_includes
make[2]: 'TrigConfTopoTestprototype' is up to date.
#CMT---> (constituents.make) install_header_files done
#CMT---> (L1TopoCoreSimulation.make) Rebuilding ../armv7l-fc21-gcc49-opt/L1TopoCoreSimulation_dependencies.make
#CMT---> (constituents.make) TrigConfTopoTestprototype done
#CMT---> (constituents.make) Starting install_pythonmods
#CMT---> (constituents.make) Starting TrigConfTopoTestcompile
No standard python area
Files from standard ../L1TopoCoreSimulation already installed
installation done
#CMT---> (TrigConfTopoTest.make) Rebuilding ../armv7l-fc21-gcc49-opt/TrigConfTopoTest_dependencies.make
#CMT---> (constituents.make) install_includes done
../armv7l-fc21-gcc49-opt/constituents.make:871: recipe for target 'install_pythonmods' failed
../armv7l-fc21-gcc49-opt/TrigConfTopoTest.make:172: recipe for target '../armv7l-fc21-gcc49-opt/TrigConfTopoTest_dependencies.make' failed
../armv7l-fc21-gcc49-opt/L1TopoCoreSimulation.make:210: recipe for target '../armv7l-fc21-gcc49-opt/L1TopoCoreSimulation_dependencies.make' failed
../armv7l-fc21-gcc49-opt/constituents.make:366: recipe for target 'L1TopoCoreSimulationcompile' failed
../armv7l-fc21-gcc49-opt/constituents.make:627: recipe for target 'TrigConfTopoTestcompile' failed
/home/jwsmith/HDD/CMT/v1r26p20140131/src/Makefile.header:60: recipe for target 'all' failed
#--------------------------------------------------------------
# TrigStatsFromCool TrigStatsFromCool-00-00-02 Trigger/TrigMonitoring: Now trying [make -i -j4] in /home/jwsmith/HDD/AtlasOfflineBuild-framework/InstallArea/DetCommon/DetCommon-18.9.0/Trigger/TrigMonitoring/TrigStatsFromCool/cmt (22/37)
#--------------------------------------------------------------
#CMT---> (constituents.make) Rebuilding library links
#CMT---> (constituents.make) Building checkreq.make
#CMT---> (constituents.make) Building install_python_modspython_modules.make
#CMT---> (constituents.make) Building install_includes.make
#CMT---> (constituents.make) Building install_pythonmods.make
#CMT---> (constituents.make) Starting checkreq
#CMT---> (constituents.make) Starting install_includes
#CMT---> (constituents.make) Starting install_python_modspython_modules
#CMT---> (constituents.make) Starting install_pythonmods
#CMT---> (constituents.make) checkreq done
No standard include file area
installation done
Installing files from standard ../python to /home/jwsmith/HDD/AtlasOfflineBuild-framework/InstallArea/DetCommon/DetCommon-18.9.0/InstallArea/armv7l-fc21-gcc49-opt/python
#CMT---> (constituents.make) install_includes done
installation done
installation done
installation done
#CMT---> (constituents.make) install_python_modspython_modules done
#CMT---> (constituents.make) install_pythonmods done
../armv7l-fc21-gcc49-opt/constituents.make:123: recipe for target 'all' failed
/home/jwsmith/HDD/CMT/v1r26p20140131/src/Makefile.header:60: recipe for target 'all' failed
#--------------------------------------------------------------
# TriggerMenuCompiler TriggerMenuCompiler-00-00-24 Trigger/TrigConfiguration: Now trying [make -i -j4] in /home/jwsmith/HDD/AtlasOfflineBuild-framework/InstallArea/DetCommon/DetCommon-18.9.0/Trigger/TrigConfiguration/TriggerMenuCompiler/cmt (23/37)
#--------------------------------------------------------------
/home/jwsmith/HDD/CMT/v1r26p20140131/src/Makefile.header:60: recipe for target 'all' failed
#--------------------------------------------------------------
# TrigDbHltUpload TrigDbHltUpload-00-00-84 Trigger/TrigConfiguration: Now trying [make -i -j4] in /home/jwsmith/HDD/AtlasOfflineBuild-framework/InstallArea/DetCommon/DetCommon-18.9.0/Trigger/TrigConfiguration/TrigDbHltUpload/cmt (24/37)
#--------------------------------------------------------------
/home/jwsmith/HDD/CMT/v1r26p20140131/src/Makefile.header:60: recipe for target 'all' failed
#--------------------------------------------------------------
# TrigDb TrigDb-00-01-24 Trigger/TrigConfiguration: Now trying [make -i -j4] in /home/jwsmith/HDD/AtlasOfflineBuild-framework/InstallArea/DetCommon/DetCommon-18.9.0/Trigger/TrigConfiguration/TrigDb/cmt (25/37)
#--------------------------------------------------------------
/home/jwsmith/HDD/CMT/v1r26p20140131/src/Makefile.header:60: recipe for target 'all' failed
#--------------------------------------------------------------
# TriggerTool TriggerTool-02-02-85-13 Trigger/TrigConfiguration: Now trying [make -i -j4] in /home/jwsmith/HDD/AtlasOfflineBuild-framework/InstallArea/DetCommon/DetCommon-18.9.0/Trigger/TrigConfiguration/TriggerTool/cmt (26/37)
#--------------------------------------------------------------
/home/jwsmith/HDD/CMT/v1r26p20140131/src/Makefile.header:60: recipe for target 'all' failed
#--------------------------------------------------------------
# TrigConfMuctpi TrigConfMuctpi-00-00-04 Trigger/TrigConfiguration: Now trying [make -i -j4] in /home/jwsmith/HDD/AtlasOfflineBuild-framework/InstallArea/DetCommon/DetCommon-18.9.0/Trigger/TrigConfiguration/TrigConfMuctpi/cmt (27/37)
#--------------------------------------------------------------
/home/jwsmith/HDD/CMT/v1r26p20140131/src/Makefile.header:60: recipe for target 'all' failed
#--------------------------------------------------------------
# TrigConfBase TrigConfBase-00-00-03 Trigger/TrigConfiguration: Now trying [make -i -j4] in /home/jwsmith/HDD/AtlasOfflineBuild-framework/InstallArea/DetCommon/DetCommon-18.9.0/Trigger/TrigConfiguration/TrigConfBase/cmt (28/37)
#--------------------------------------------------------------
/home/jwsmith/HDD/CMT/v1r26p20140131/src/Makefile.header:60: recipe for target 'all' failed
#--------------------------------------------------------------
# TrigConfL1Data TrigConfL1Data-02-00-13 Trigger/TrigConfiguration: Now trying [make -i -j4] in /home/jwsmith/HDD/AtlasOfflineBuild-framework/InstallArea/DetCommon/DetCommon-18.9.0/Trigger/TrigConfiguration/TrigConfL1Data/cmt (29/37)
#--------------------------------------------------------------
/home/jwsmith/HDD/CMT/v1r26p20140131/src/Makefile.header:60: recipe for target 'all' failed
#--------------------------------------------------------------
# TrigConfJobOptData TrigConfJobOptData-01-00-01 Trigger/TrigConfiguration: Now trying [make -i -j4] in /home/jwsmith/HDD/AtlasOfflineBuild-framework/InstallArea/DetCommon/DetCommon-18.9.0/Trigger/TrigConfiguration/TrigConfJobOptData/cmt (30/37)
#--------------------------------------------------------------
/home/jwsmith/HDD/CMT/v1r26p20140131/src/Makefile.header:60: recipe for target 'all' failed
#--------------------------------------------------------------
# TrigConfHLTData TrigConfHLTData-01-00-17 Trigger/TrigConfiguration: Now trying [make -i -j4] in /home/jwsmith/HDD/AtlasOfflineBuild-framework/InstallArea/DetCommon/DetCommon-18.9.0/Trigger/TrigConfiguration/TrigConfHLTData/cmt (31/37)
#--------------------------------------------------------------
/home/jwsmith/HDD/CMT/v1r26p20140131/src/Makefile.header:60: recipe for target 'all' failed
#--------------------------------------------------------------
# TrigConfStorage TrigConfStorage-03-00-16 Trigger/TrigConfiguration: Now trying [make -i -j4] in /home/jwsmith/HDD/AtlasOfflineBuild-framework/InstallArea/DetCommon/DetCommon-18.9.0/Trigger/TrigConfiguration/TrigConfStorage/cmt (32/37)
#--------------------------------------------------------------
/home/jwsmith/HDD/CMT/v1r26p20140131/src/Makefile.header:60: recipe for target 'all' failed
#--------------------------------------------------------------
# AutoPrescaleTool AutoPrescaleTool-00-00-12 Trigger/TrigConfiguration: Now trying [make -i -j4] in /home/jwsmith/HDD/AtlasOfflineBuild-framework/InstallArea/DetCommon/DetCommon-18.9.0/Trigger/TrigConfiguration/AutoPrescaleTool/cmt (33/37)
#--------------------------------------------------------------
/home/jwsmith/HDD/CMT/v1r26p20140131/src/Makefile.header:60: recipe for target 'all' failed
#--------------------------------------------------------------
# InDetCoolCoralClientUtils InDetCoolCoralClientUtils-00-01-03 InnerDetector/InDetConditions: Now trying [make -i -j4] in /home/jwsmith/HDD/AtlasOfflineBuild-framework/InstallArea/DetCommon/DetCommon-18.9.0/InnerDetector/InDetConditions/InDetCoolCoralClientUtils/cmt (34/37)
#--------------------------------------------------------------
/home/jwsmith/HDD/CMT/v1r26p20140131/src/Makefile.header:60: recipe for target 'all' failed
#--------------------------------------------------------------
# CoralDB CoralDB-00-00-17 Database: Now trying [make -i -j4] in /home/jwsmith/HDD/AtlasOfflineBuild-framework/InstallArea/DetCommon/DetCommon-18.9.0/Database/CoralDB/cmt (35/37)
#--------------------------------------------------------------
/home/jwsmith/HDD/CMT/v1r26p20140131/src/Makefile.header:60: recipe for target 'all' failed
#--------------------------------------------------------------
# CoraCool CoraCool-00-04-03 Database: Now trying [make -i -j4] in /home/jwsmith/HDD/AtlasOfflineBuild-framework/InstallArea/DetCommon/DetCommon-18.9.0/Database/CoraCool/cmt (36/37)
#--------------------------------------------------------------
/home/jwsmith/HDD/CMT/v1r26p20140131/src/Makefile.header:60: recipe for target 'all' failed
#--------------------------------------------------------------
# DetCommonRelease DetCommonRelease-v* : Now trying [make -i -j4] in /home/jwsmith/HDD/AtlasOfflineBuild-framework/InstallArea/DetCommon/DetCommon-18.9.0/DetCommonRelease/cmt (37/37)
#--------------------------------------------------------------
/home/jwsmith/HDD/CMT/v1r26p20140131/src/Makefile.header:60: recipe for target 'all' failed
