cd build.aarch64-ubuntu14.04-gcc49-opt && make all
make[1]: Entering directory `/home/jwsmith/ANA/2_GAUDI/Gaudi/build.aarch64-ubuntu14.04-gcc49-opt'
make[2]: Entering directory `/home/jwsmith/ANA/2_GAUDI/Gaudi/build.aarch64-ubuntu14.04-gcc49-opt'
make[3]: Entering directory `/home/jwsmith/ANA/2_GAUDI/Gaudi/build.aarch64-ubuntu14.04-gcc49-opt'
make[3]: Entering directory `/home/jwsmith/ANA/2_GAUDI/Gaudi/build.aarch64-ubuntu14.04-gcc49-opt'
Scanning dependencies of target GaudiPluginService
make[3]: Leaving directory `/home/jwsmith/ANA/2_GAUDI/Gaudi/build.aarch64-ubuntu14.04-gcc49-opt'
make[3]: Entering directory `/home/jwsmith/ANA/2_GAUDI/Gaudi/build.aarch64-ubuntu14.04-gcc49-opt'
Scanning dependencies of target listcomponents
make[3]: Leaving directory `/home/jwsmith/ANA/2_GAUDI/Gaudi/build.aarch64-ubuntu14.04-gcc49-opt'
make[3]: Entering directory `/home/jwsmith/ANA/2_GAUDI/Gaudi/build.aarch64-ubuntu14.04-gcc49-opt'
[  1%] [  2%] Building CXX object GaudiPluginService/CMakeFiles/GaudiPluginService.dir/src/PluginService.cpp.o
Building CXX object GaudiPluginService/CMakeFiles/listcomponents.dir/src/listcomponents.cpp.o
[  2%] Building CXX object GaudiPluginService/CMakeFiles/listcomponents.dir/src/PluginService.cpp.o
[  2%] Building CXX object GaudiPluginService/CMakeFiles/GaudiPluginService.dir/src/capi_pluginservice.cpp.o
Linking CXX shared library ../lib/libGaudiPluginService.so
make[3]: Leaving directory `/home/jwsmith/ANA/2_GAUDI/Gaudi/build.aarch64-ubuntu14.04-gcc49-opt'
[  2%] Built target GaudiPluginService
make[3]: Entering directory `/home/jwsmith/ANA/2_GAUDI/Gaudi/build.aarch64-ubuntu14.04-gcc49-opt'
Scanning dependencies of target GaudiConfUserDB
make[3]: Leaving directory `/home/jwsmith/ANA/2_GAUDI/Gaudi/build.aarch64-ubuntu14.04-gcc49-opt'
make[3]: Entering directory `/home/jwsmith/ANA/2_GAUDI/Gaudi/build.aarch64-ubuntu14.04-gcc49-opt'
[  2%] Generating genConf/Gaudi/Gaudi_user.confdb
Linking CXX executable ../bin/listcomponents.exe
make[3]: Leaving directory `/home/jwsmith/ANA/2_GAUDI/Gaudi/build.aarch64-ubuntu14.04-gcc49-opt'
[  2%] Built target listcomponents
make[3]: Entering directory `/home/jwsmith/ANA/2_GAUDI/Gaudi/build.aarch64-ubuntu14.04-gcc49-opt'
INFO: Looking for ConfigurableUser in 'Gaudi.Configuration'
Scanning dependencies of target GaudiMPGenDeps
make[3]: Leaving directory `/home/jwsmith/ANA/2_GAUDI/Gaudi/build.aarch64-ubuntu14.04-gcc49-opt'
[  2%] Built target GaudiMPGenDeps
make[3]: Entering directory `/home/jwsmith/ANA/2_GAUDI/Gaudi/build.aarch64-ubuntu14.04-gcc49-opt'
Scanning dependencies of target GaudiKernelGenDeps
make[3]: Leaving directory `/home/jwsmith/ANA/2_GAUDI/Gaudi/build.aarch64-ubuntu14.04-gcc49-opt'
[  2%] Built target GaudiKernelGenDeps
make[3]: Entering directory `/home/jwsmith/ANA/2_GAUDI/Gaudi/build.aarch64-ubuntu14.04-gcc49-opt'
Scanning dependencies of target GaudiPythonGenDeps
make[3]: Leaving directory `/home/jwsmith/ANA/2_GAUDI/Gaudi/build.aarch64-ubuntu14.04-gcc49-opt'
[  2%] Built target GaudiPythonGenDeps
make[3]: Entering directory `/home/jwsmith/ANA/2_GAUDI/Gaudi/build.aarch64-ubuntu14.04-gcc49-opt'
Scanning dependencies of target test_GPyTestGenDeps
make[3]: Leaving directory `/home/jwsmith/ANA/2_GAUDI/Gaudi/build.aarch64-ubuntu14.04-gcc49-opt'
INFO: ConfigurableUser found:
{'Gaudi.Configuration': ['GaudiPersistency']}
INFO: Creating directory '/home/jwsmith/ANA/2_GAUDI/Gaudi/build.aarch64-ubuntu14.04-gcc49-opt/Gaudi/genConf/Gaudi'
[  2%] Built target test_GPyTestGenDeps
make[3]: Entering directory `/home/jwsmith/ANA/2_GAUDI/Gaudi/build.aarch64-ubuntu14.04-gcc49-opt'
make[3]: Leaving directory `/home/jwsmith/ANA/2_GAUDI/Gaudi/build.aarch64-ubuntu14.04-gcc49-opt'
Scanning dependencies of target GaudiGSLMathGenDeps
make[3]: Leaving directory `/home/jwsmith/ANA/2_GAUDI/Gaudi/build.aarch64-ubuntu14.04-gcc49-opt'
[  2%] Built target GaudiConfUserDB
make[3]: Entering directory `/home/jwsmith/ANA/2_GAUDI/Gaudi/build.aarch64-ubuntu14.04-gcc49-opt'
[  2%] Built target GaudiGSLMathGenDeps
make[3]: Entering directory `/home/jwsmith/ANA/2_GAUDI/Gaudi/build.aarch64-ubuntu14.04-gcc49-opt'
Scanning dependencies of target RootCnvGenDeps
make[3]: Leaving directory `/home/jwsmith/ANA/2_GAUDI/Gaudi/build.aarch64-ubuntu14.04-gcc49-opt'
Scanning dependencies of target GaudiExamplesGenDeps
make[3]: Leaving directory `/home/jwsmith/ANA/2_GAUDI/Gaudi/build.aarch64-ubuntu14.04-gcc49-opt'
[  2%] Built target RootCnvGenDeps
make[3]: Entering directory `/home/jwsmith/ANA/2_GAUDI/Gaudi/build.aarch64-ubuntu14.04-gcc49-opt'
[  2%] Built target GaudiExamplesGenDeps
make[3]: Entering directory `/home/jwsmith/ANA/2_GAUDI/Gaudi/build.aarch64-ubuntu14.04-gcc49-opt'
Scanning dependencies of target test_CustomFactory
make[3]: Leaving directory `/home/jwsmith/ANA/2_GAUDI/Gaudi/build.aarch64-ubuntu14.04-gcc49-opt'
make[3]: Entering directory `/home/jwsmith/ANA/2_GAUDI/Gaudi/build.aarch64-ubuntu14.04-gcc49-opt'
[  2%] Building CXX object GaudiKernel/CMakeFiles/test_CustomFactory.dir/tests/src/custom_factory.cpp.o
Scanning dependencies of target Test_GaudiPluginService_UseCases
make[3]: Leaving directory `/home/jwsmith/ANA/2_GAUDI/Gaudi/build.aarch64-ubuntu14.04-gcc49-opt'
make[3]: Entering directory `/home/jwsmith/ANA/2_GAUDI/Gaudi/build.aarch64-ubuntu14.04-gcc49-opt'
[  2%] Building CXX object GaudiPluginService/CMakeFiles/Test_GaudiPluginService_UseCases.dir/tests/src/UseCases.cpp.o
Linking CXX shared module ../lib/libtest_CustomFactory.so
make[3]: Leaving directory `/home/jwsmith/ANA/2_GAUDI/Gaudi/build.aarch64-ubuntu14.04-gcc49-opt'
[  2%] Built target test_CustomFactory
make[3]: Entering directory `/home/jwsmith/ANA/2_GAUDI/Gaudi/build.aarch64-ubuntu14.04-gcc49-opt'
Scanning dependencies of target PyExample
make[3]: Leaving directory `/home/jwsmith/ANA/2_GAUDI/Gaudi/build.aarch64-ubuntu14.04-gcc49-opt'
make[3]: Entering directory `/home/jwsmith/ANA/2_GAUDI/Gaudi/build.aarch64-ubuntu14.04-gcc49-opt'
[  2%] Building CXX object GaudiExamples/CMakeFiles/PyExample.dir/src/PythonModule/PyExample.cpp.o
Linking CXX executable ../bin/Test_GaudiPluginService_UseCases.exe
make[3]: Leaving directory `/home/jwsmith/ANA/2_GAUDI/Gaudi/build.aarch64-ubuntu14.04-gcc49-opt'
[  2%] Built target Test_GaudiPluginService_UseCases
[  2%] Building CXX object GaudiExamples/CMakeFiles/PyExample.dir/src/PythonModule/Functions.cpp.o
make[3]: Entering directory `/home/jwsmith/ANA/2_GAUDI/Gaudi/build.aarch64-ubuntu14.04-gcc49-opt'
Scanning dependencies of target GaudiKernel
make[3]: Leaving directory `/home/jwsmith/ANA/2_GAUDI/Gaudi/build.aarch64-ubuntu14.04-gcc49-opt'
make[3]: Entering directory `/home/jwsmith/ANA/2_GAUDI/Gaudi/build.aarch64-ubuntu14.04-gcc49-opt'
[  2%] Building CXX object GaudiKernel/CMakeFiles/GaudiKernel.dir/src/Lib/ThreadGaudi.cpp.o
[  2%] Building CXX object GaudiKernel/CMakeFiles/GaudiKernel.dir/src/Lib/MsgStream.cpp.o
Linking CXX shared module ../lib/PyExample.so
make[3]: Leaving directory `/home/jwsmith/ANA/2_GAUDI/Gaudi/build.aarch64-ubuntu14.04-gcc49-opt'
[  2%] Built target PyExample
make[3]: Entering directory `/home/jwsmith/ANA/2_GAUDI/Gaudi/build.aarch64-ubuntu14.04-gcc49-opt'
Scanning dependencies of target GaudiMPGen
make[3]: Leaving directory `/home/jwsmith/ANA/2_GAUDI/Gaudi/build.aarch64-ubuntu14.04-gcc49-opt'
make[3]: Entering directory `/home/jwsmith/ANA/2_GAUDI/Gaudi/build.aarch64-ubuntu14.04-gcc49-opt'
[  2%] Generating GaudiMPDict.cpp, GaudiMPDict.rootmap
[  3%] Building CXX object GaudiKernel/CMakeFiles/GaudiKernel.dir/src/Lib/AlgToolHistory.cpp.o
[  3%] Building CXX object GaudiKernel/CMakeFiles/GaudiKernel.dir/src/Lib/ParsersStandardMisc2.cpp.o
make[3]: Leaving directory `/home/jwsmith/ANA/2_GAUDI/Gaudi/build.aarch64-ubuntu14.04-gcc49-opt'
[  3%] Built target GaudiMPGen
[  3%] Building CXX object GaudiKernel/CMakeFiles/GaudiKernel.dir/src/Lib/RndmTypeInfos.cpp.o
[  3%] Building CXX object GaudiKernel/CMakeFiles/GaudiKernel.dir/src/Lib/Sleep.cpp.o
[  3%] Building CXX object GaudiKernel/CMakeFiles/GaudiKernel.dir/src/Lib/ServiceLocatorHelper.cpp.o
[  4%] Building CXX object GaudiKernel/CMakeFiles/GaudiKernel.dir/src/Lib/DataObject.cpp.o
make[3]: Entering directory `/home/jwsmith/ANA/2_GAUDI/Gaudi/build.aarch64-ubuntu14.04-gcc49-opt'
Scanning dependencies of target GaudiKernelGen
make[3]: Leaving directory `/home/jwsmith/ANA/2_GAUDI/Gaudi/build.aarch64-ubuntu14.04-gcc49-opt'
make[3]: Entering directory `/home/jwsmith/ANA/2_GAUDI/Gaudi/build.aarch64-ubuntu14.04-gcc49-opt'
[  4%] Generating GaudiKernelDict.cpp, GaudiKernelDict.rootmap
Warning - unused class rule: NTuple::_Acc*::_Acc*
Warning - unused class rule: SmartIFBase<*>
make[3]: Leaving directory `/home/jwsmith/ANA/2_GAUDI/Gaudi/build.aarch64-ubuntu14.04-gcc49-opt'
[  4%] Built target GaudiKernelGen
[  4%] Building CXX object GaudiKernel/CMakeFiles/GaudiKernel.dir/src/Lib/ParsersVct.cpp.o
[  4%] Building CXX object GaudiKernel/CMakeFiles/GaudiKernel.dir/src/Lib/Converter.cpp.o
[  4%] Building CXX object GaudiKernel/CMakeFiles/GaudiKernel.dir/src/Lib/DirSearchPath.cpp.o
[  4%] Building CXX object GaudiKernel/CMakeFiles/GaudiKernel.dir/src/Lib/DataSvc.cpp.o
[  5%] Building CXX object GaudiKernel/CMakeFiles/GaudiKernel.dir/src/Lib/KeyedObject.cpp.o
make[3]: Entering directory `/home/jwsmith/ANA/2_GAUDI/Gaudi/build.aarch64-ubuntu14.04-gcc49-opt'
Scanning dependencies of target GaudiPythonGen
make[3]: Leaving directory `/home/jwsmith/ANA/2_GAUDI/Gaudi/build.aarch64-ubuntu14.04-gcc49-opt'
make[3]: Entering directory `/home/jwsmith/ANA/2_GAUDI/Gaudi/build.aarch64-ubuntu14.04-gcc49-opt'
[  5%] Generating GaudiPythonDict.cpp, GaudiPythonDict.rootmap
[  5%] Building CXX object GaudiKernel/CMakeFiles/GaudiKernel.dir/src/Lib/ContainedObject.cpp.o
[  5%] Building CXX object GaudiKernel/CMakeFiles/GaudiKernel.dir/src/Lib/Range.cpp.o
[  5%] Building CXX object GaudiKernel/CMakeFiles/GaudiKernel.dir/src/Lib/PathResolver.cpp.o
[  5%] Building CXX object GaudiKernel/CMakeFiles/GaudiKernel.dir/src/Lib/Timing.cpp.o
[  6%] Building CXX object GaudiKernel/CMakeFiles/GaudiKernel.dir/src/Lib/ParsersStandardMisc1.cpp.o
make[3]: Leaving directory `/home/jwsmith/ANA/2_GAUDI/Gaudi/build.aarch64-ubuntu14.04-gcc49-opt'
[  6%] Built target GaudiPythonGen
make[3]: Entering directory `/home/jwsmith/ANA/2_GAUDI/Gaudi/build.aarch64-ubuntu14.04-gcc49-opt'
Scanning dependencies of target test_GPyTestGen
make[3]: Leaving directory `/home/jwsmith/ANA/2_GAUDI/Gaudi/build.aarch64-ubuntu14.04-gcc49-opt'
make[3]: Entering directory `/home/jwsmith/ANA/2_GAUDI/Gaudi/build.aarch64-ubuntu14.04-gcc49-opt'
[  7%] Generating test_GPyTestDict.cpp, test_GPyTestDict.rootmap
make[3]: Leaving directory `/home/jwsmith/ANA/2_GAUDI/Gaudi/build.aarch64-ubuntu14.04-gcc49-opt'
[  7%] Building CXX object GaudiKernel/CMakeFiles/GaudiKernel.dir/src/Lib/ParsersStandardMisc3.cpp.o
[  7%] Building CXX object GaudiKernel/CMakeFiles/GaudiKernel.dir/src/Lib/ParsersStandardMisc4.cpp.o
[  7%] Building CXX object GaudiKernel/CMakeFiles/GaudiKernel.dir/src/Lib/ParsersHistograms.cpp.o
[  8%] Building CXX object GaudiKernel/CMakeFiles/GaudiKernel.dir/src/Lib/KeyedObjectManager.cpp.o
[  8%] Building CXX object GaudiKernel/CMakeFiles/GaudiKernel.dir/src/Lib/Stat.cpp.o
[  8%] Building CXX object GaudiKernel/CMakeFiles/GaudiKernel.dir/src/Lib/StatusCode.cpp.o
[  8%] Building CXX object GaudiKernel/CMakeFiles/GaudiKernel.dir/src/Lib/ServiceHistory.cpp.o
[  8%] Building CXX object GaudiKernel/CMakeFiles/GaudiKernel.dir/src/Lib/VirtualDestructors.cpp.o
[  9%] Building CXX object GaudiKernel/CMakeFiles/GaudiKernel.dir/src/Lib/System.cpp.o
[  9%] Building CXX object GaudiKernel/CMakeFiles/GaudiKernel.dir/src/Lib/DataHistory.cpp.o
[  9%] Building CXX object GaudiKernel/CMakeFiles/GaudiKernel.dir/src/Lib/EventSelectorDataStream.cpp.o
[  9%] Building CXX object GaudiKernel/CMakeFiles/GaudiKernel.dir/src/Lib/JobHistory.cpp.o
[  9%] Building CXX object GaudiKernel/CMakeFiles/GaudiKernel.dir/src/Lib/LinkManager.cpp.o
[ 10%] Building CXX object GaudiKernel/CMakeFiles/GaudiKernel.dir/src/Lib/ParsersStandardList4.cpp.o
[ 10%] Building CXX object GaudiKernel/CMakeFiles/GaudiKernel.dir/src/Lib/GaudiMain.cpp.o
[ 10%] Building CXX object GaudiKernel/CMakeFiles/GaudiKernel.dir/src/Lib/ConversionSvc.cpp.o
[ 10%] Building CXX object GaudiKernel/CMakeFiles/GaudiKernel.dir/src/Lib/Guards.cpp.o
[ 10%] Building CXX object GaudiKernel/CMakeFiles/GaudiKernel.dir/src/Lib/HistoDef.cpp.o
[ 11%] Building CXX object GaudiKernel/CMakeFiles/GaudiKernel.dir/src/Lib/ParsersCollections.cpp.o
[ 11%] Building CXX object GaudiKernel/CMakeFiles/GaudiKernel.dir/src/Lib/Lomont.cpp.o
[ 11%] Building CXX object GaudiKernel/CMakeFiles/GaudiKernel.dir/src/Lib/Selector.cpp.o
[ 11%] Building CXX object GaudiKernel/CMakeFiles/GaudiKernel.dir/src/Lib/AlgContext.cpp.o
[ 11%] Building CXX object GaudiKernel/CMakeFiles/GaudiKernel.dir/src/Lib/AlgTool.cpp.o
[ 12%] Building CXX object GaudiKernel/CMakeFiles/GaudiKernel.dir/src/Lib/ComponentManager.cpp.o
[ 12%] Building CXX object GaudiKernel/CMakeFiles/GaudiKernel.dir/src/Lib/RndmGenerators.cpp.o
[ 12%] Building CXX object GaudiKernel/CMakeFiles/GaudiKernel.dir/src/Lib/IChronoStatSvc.cpp.o
[ 12%] Building CXX object GaudiKernel/CMakeFiles/GaudiKernel.dir/src/Lib/GaudiHandle.cpp.o
[ 12%] Building CXX object GaudiKernel/CMakeFiles/GaudiKernel.dir/src/Lib/Debugger.cpp.o
[ 13%] Building CXX object GaudiKernel/CMakeFiles/GaudiKernel.dir/src/Lib/Environment.cpp.o
[ 13%] Building CXX object GaudiKernel/CMakeFiles/GaudiKernel.dir/src/Lib/MinimalEventLoopMgr.cpp.o
[ 13%] Building CXX object GaudiKernel/CMakeFiles/GaudiKernel.dir/src/Lib/Algorithm.cpp.o
[ 13%] Building CXX object GaudiKernel/CMakeFiles/GaudiKernel.dir/src/Lib/DataTypeInfo.cpp.o
[ 14%] Building CXX object GaudiKernel/CMakeFiles/GaudiKernel.dir/src/Lib/StringKey.cpp.o
[ 14%] Building CXX object GaudiKernel/CMakeFiles/GaudiKernel.dir/src/Lib/GaudiKernel.cpp.o
[ 14%] Building CXX object GaudiKernel/CMakeFiles/GaudiKernel.dir/src/Lib/Time.cpp.o
[ 14%] Building CXX object GaudiKernel/CMakeFiles/GaudiKernel.dir/src/Lib/ModuleInfo.cpp.o
[ 14%] Building CXX object GaudiKernel/CMakeFiles/GaudiKernel.dir/src/Lib/ParsersStandardList1.cpp.o
[ 15%] Building CXX object GaudiKernel/CMakeFiles/GaudiKernel.dir/src/Lib/SmartDataObjectPtr.cpp.o
[ 15%] Building CXX object GaudiKernel/CMakeFiles/GaudiKernel.dir/src/Lib/Dictionary.cpp.o
[ 15%] Building CXX object GaudiKernel/CMakeFiles/GaudiKernel.dir/src/Lib/MapBase.cpp.o
[ 15%] Building CXX object GaudiKernel/CMakeFiles/GaudiKernel.dir/src/Lib/GaudiException.cpp.o
[ 15%] Building CXX object GaudiKernel/CMakeFiles/GaudiKernel.dir/src/Lib/PropertyMgr.cpp.o
[ 16%] Building CXX object GaudiKernel/CMakeFiles/GaudiKernel.dir/src/Lib/ProcessDescriptor.cpp.o
[ 16%] Building CXX object GaudiKernel/CMakeFiles/GaudiKernel.dir/src/Lib/PropertyCallbackFunctor.cpp.o
[ 16%] Building CXX object GaudiKernel/CMakeFiles/GaudiKernel.dir/src/Lib/Bootstrap.cpp.o
[ 16%] Building CXX object GaudiKernel/CMakeFiles/GaudiKernel.dir/src/Lib/ParsersStandardList2.cpp.o
[ 16%] Building CXX object GaudiKernel/CMakeFiles/GaudiKernel.dir/src/Lib/Auditor.cpp.o
[ 17%] Building CXX object GaudiKernel/CMakeFiles/GaudiKernel.dir/src/Lib/Property.cpp.o
[ 17%] Building CXX object GaudiKernel/CMakeFiles/GaudiKernel.dir/src/Lib/ParsersStandardSingle.cpp.o
[ 17%] Building CXX object GaudiKernel/CMakeFiles/GaudiKernel.dir/src/Lib/Message.cpp.o
[ 17%] Building CXX object GaudiKernel/CMakeFiles/GaudiKernel.dir/src/Lib/AllocatorPool.cpp.o
[ 17%] Building CXX object GaudiKernel/CMakeFiles/GaudiKernel.dir/src/Lib/ICounterSvc.cpp.o
[ 18%] Building CXX object GaudiKernel/CMakeFiles/GaudiKernel.dir/src/Lib/StateMachine.cpp.o
[ 18%] Building CXX object GaudiKernel/CMakeFiles/GaudiKernel.dir/src/Lib/Tokenizer.cpp.o
[ 18%] Building CXX object GaudiKernel/CMakeFiles/GaudiKernel.dir/src/Lib/NTupleItems.cpp.o
[ 18%] Building CXX object GaudiKernel/CMakeFiles/GaudiKernel.dir/src/Lib/xtoa.cpp.o
[ 19%] Building CXX object GaudiKernel/CMakeFiles/GaudiKernel.dir/src/Lib/StatEntity.cpp.o
[ 19%] Building CXX object GaudiKernel/CMakeFiles/GaudiKernel.dir/src/Lib/SmartRefBase.cpp.o
[ 19%] Building CXX object GaudiKernel/CMakeFiles/GaudiKernel.dir/src/Lib/ParsersStandardList3.cpp.o
[ 19%] Building CXX object GaudiKernel/CMakeFiles/GaudiKernel.dir/src/Lib/RegistryEntry.cpp.o
[ 19%] Building CXX object GaudiKernel/CMakeFiles/GaudiKernel.dir/src/Lib/Service.cpp.o
[ 20%] Building CXX object GaudiKernel/CMakeFiles/GaudiKernel.dir/src/Lib/IssueSeverity.cpp.o
[ 20%] Building CXX object GaudiKernel/CMakeFiles/GaudiKernel.dir/src/Lib/NTupleImplementation.cpp.o
[ 20%] Building CXX object GaudiKernel/CMakeFiles/GaudiKernel.dir/src/Lib/ParsersStandardMisc5.cpp.o
[ 20%] Building CXX object GaudiKernel/CMakeFiles/GaudiKernel.dir/src/Lib/AlgorithmHistory.cpp.o
[ 20%] Building CXX object GaudiKernel/CMakeFiles/GaudiKernel.dir/src/Lib/ChronoEntity.cpp.o
[ 21%] Building CXX object GaudiKernel/CMakeFiles/GaudiKernel.dir/src/Lib/IExceptionSvc.cpp.o
[ 21%] Building CXX object GaudiKernel/CMakeFiles/GaudiKernel.dir/src/Lib/HistoryObj.cpp.o
[ 21%] Building CXX object GaudiKernel/CMakeFiles/GaudiKernel.dir/src/Lib/Memory.cpp.o
[ 21%] Building CXX object GaudiKernel/CMakeFiles/GaudiKernel.dir/src/Lib/DataStreamTool.cpp.o
[ 21%] Building CXX object GaudiKernel/CMakeFiles/GaudiKernel.dir/src/Lib/CommandProperty.cpp.o
[ 22%] Building CXX object GaudiKernel/CMakeFiles/GaudiKernel.dir/src/Lib/WatchdogThread.cpp.o
Linking CXX shared library ../lib/libGaudiKernel.so
make[3]: Leaving directory `/home/jwsmith/ANA/2_GAUDI/Gaudi/build.aarch64-ubuntu14.04-gcc49-opt'
[ 22%] Built target GaudiKernel
make[2]: Leaving directory `/home/jwsmith/ANA/2_GAUDI/Gaudi/build.aarch64-ubuntu14.04-gcc49-opt'
make[1]: Leaving directory `/home/jwsmith/ANA/2_GAUDI/Gaudi/build.aarch64-ubuntu14.04-gcc49-opt'
