cd build.aarch64-ubuntu14.04-gcc49-opt && make all
make[1]: Entering directory `/home/jwsmith/ANA/2_GAUDI/Gaudi/build.aarch64-ubuntu14.04-gcc49-opt'
make[2]: Entering directory `/home/jwsmith/ANA/2_GAUDI/Gaudi/build.aarch64-ubuntu14.04-gcc49-opt'
make[3]: Entering directory `/home/jwsmith/ANA/2_GAUDI/Gaudi/build.aarch64-ubuntu14.04-gcc49-opt'
make[3]: Entering directory `/home/jwsmith/ANA/2_GAUDI/Gaudi/build.aarch64-ubuntu14.04-gcc49-opt'
make[3]: Entering directory `/home/jwsmith/ANA/2_GAUDI/Gaudi/build.aarch64-ubuntu14.04-gcc49-opt'
make[3]: Entering directory `/home/jwsmith/ANA/2_GAUDI/Gaudi/build.aarch64-ubuntu14.04-gcc49-opt'
Scanning dependencies of target GaudiConfUserDB
Scanning dependencies of target GaudiExamplesGenDeps
make[3]: Leaving directory `/home/jwsmith/ANA/2_GAUDI/Gaudi/build.aarch64-ubuntu14.04-gcc49-opt'
make[3]: Leaving directory `/home/jwsmith/ANA/2_GAUDI/Gaudi/build.aarch64-ubuntu14.04-gcc49-opt'
Scanning dependencies of target GaudiPluginService
Scanning dependencies of target listcomponents
make[3]: Leaving directory `/home/jwsmith/ANA/2_GAUDI/Gaudi/build.aarch64-ubuntu14.04-gcc49-opt'
make[3]: Leaving directory `/home/jwsmith/ANA/2_GAUDI/Gaudi/build.aarch64-ubuntu14.04-gcc49-opt'
make[3]: Entering directory `/home/jwsmith/ANA/2_GAUDI/Gaudi/build.aarch64-ubuntu14.04-gcc49-opt'
make[3]: Entering directory `/home/jwsmith/ANA/2_GAUDI/Gaudi/build.aarch64-ubuntu14.04-gcc49-opt'
make[3]: Entering directory `/home/jwsmith/ANA/2_GAUDI/Gaudi/build.aarch64-ubuntu14.04-gcc49-opt'
[  0%] [  0%] [  1%] Built target GaudiExamplesGenDeps
[  2%] Generating genConf/Gaudi/Gaudi_user.confdb
[  2%] Building CXX object GaudiPluginService/CMakeFiles/listcomponents.dir/src/listcomponents.cpp.o
Building CXX object GaudiPluginService/CMakeFiles/GaudiPluginService.dir/src/PluginService.cpp.o
Building CXX object GaudiPluginService/CMakeFiles/listcomponents.dir/src/PluginService.cpp.o
INFO: Looking for ConfigurableUser in 'Gaudi.Configuration'
INFO: ConfigurableUser found:
{'Gaudi.Configuration': ['GaudiPersistency']}
INFO: Creating directory '/home/jwsmith/ANA/2_GAUDI/Gaudi/build.aarch64-ubuntu14.04-gcc49-opt/Gaudi/genConf/Gaudi'
make[3]: Leaving directory `/home/jwsmith/ANA/2_GAUDI/Gaudi/build.aarch64-ubuntu14.04-gcc49-opt'
[  2%] Built target GaudiConfUserDB
make[3]: Entering directory `/home/jwsmith/ANA/2_GAUDI/Gaudi/build.aarch64-ubuntu14.04-gcc49-opt'
Scanning dependencies of target GaudiKernelGenDeps
make[3]: Leaving directory `/home/jwsmith/ANA/2_GAUDI/Gaudi/build.aarch64-ubuntu14.04-gcc49-opt'
[  2%] Built target GaudiKernelGenDeps
make[3]: Entering directory `/home/jwsmith/ANA/2_GAUDI/Gaudi/build.aarch64-ubuntu14.04-gcc49-opt'
Scanning dependencies of target GaudiPythonGenDeps
make[3]: Leaving directory `/home/jwsmith/ANA/2_GAUDI/Gaudi/build.aarch64-ubuntu14.04-gcc49-opt'
[  2%] Built target GaudiPythonGenDeps
make[3]: Entering directory `/home/jwsmith/ANA/2_GAUDI/Gaudi/build.aarch64-ubuntu14.04-gcc49-opt'
Scanning dependencies of target test_GPyTestGenDeps
make[3]: Leaving directory `/home/jwsmith/ANA/2_GAUDI/Gaudi/build.aarch64-ubuntu14.04-gcc49-opt'
[  2%] Built target test_GPyTestGenDeps
make[3]: Entering directory `/home/jwsmith/ANA/2_GAUDI/Gaudi/build.aarch64-ubuntu14.04-gcc49-opt'
Scanning dependencies of target GaudiGSLMathGenDeps
make[3]: Leaving directory `/home/jwsmith/ANA/2_GAUDI/Gaudi/build.aarch64-ubuntu14.04-gcc49-opt'
[  2%] Built target GaudiGSLMathGenDeps
make[3]: Entering directory `/home/jwsmith/ANA/2_GAUDI/Gaudi/build.aarch64-ubuntu14.04-gcc49-opt'
Scanning dependencies of target RootCnvGenDeps
make[3]: Leaving directory `/home/jwsmith/ANA/2_GAUDI/Gaudi/build.aarch64-ubuntu14.04-gcc49-opt'
[  2%] Built target RootCnvGenDeps
make[3]: Entering directory `/home/jwsmith/ANA/2_GAUDI/Gaudi/build.aarch64-ubuntu14.04-gcc49-opt'
Scanning dependencies of target GaudiMPGenDeps
make[3]: Leaving directory `/home/jwsmith/ANA/2_GAUDI/Gaudi/build.aarch64-ubuntu14.04-gcc49-opt'
[  2%] Built target GaudiMPGenDeps
make[3]: Entering directory `/home/jwsmith/ANA/2_GAUDI/Gaudi/build.aarch64-ubuntu14.04-gcc49-opt'
Scanning dependencies of target PyExample
make[3]: Leaving directory `/home/jwsmith/ANA/2_GAUDI/Gaudi/build.aarch64-ubuntu14.04-gcc49-opt'
make[3]: Entering directory `/home/jwsmith/ANA/2_GAUDI/Gaudi/build.aarch64-ubuntu14.04-gcc49-opt'
[  2%] Building CXX object GaudiExamples/CMakeFiles/PyExample.dir/src/PythonModule/PyExample.cpp.o
[  2%] Building CXX object GaudiExamples/CMakeFiles/PyExample.dir/src/PythonModule/Functions.cpp.o
[  2%] Building CXX object GaudiPluginService/CMakeFiles/GaudiPluginService.dir/src/capi_pluginservice.cpp.o
Linking CXX executable ../bin/listcomponents.exe
Linking CXX shared library ../lib/libGaudiPluginService.so
make[3]: Leaving directory `/home/jwsmith/ANA/2_GAUDI/Gaudi/build.aarch64-ubuntu14.04-gcc49-opt'
[  2%] Built target listcomponents
make[3]: Entering directory `/home/jwsmith/ANA/2_GAUDI/Gaudi/build.aarch64-ubuntu14.04-gcc49-opt'
make[3]: Entering directory `/home/jwsmith/ANA/2_GAUDI/Gaudi/build.aarch64-ubuntu14.04-gcc49-opt'
Scanning dependencies of target GaudiKernelGen
make[3]: Leaving directory `/home/jwsmith/ANA/2_GAUDI/Gaudi/build.aarch64-ubuntu14.04-gcc49-opt'
make[3]: Entering directory `/home/jwsmith/ANA/2_GAUDI/Gaudi/build.aarch64-ubuntu14.04-gcc49-opt'
Scanning dependencies of target GaudiExamplesGen
make[3]: Leaving directory `/home/jwsmith/ANA/2_GAUDI/Gaudi/build.aarch64-ubuntu14.04-gcc49-opt'
make[3]: Entering directory `/home/jwsmith/ANA/2_GAUDI/Gaudi/build.aarch64-ubuntu14.04-gcc49-opt'
[  2%] [  2%] Generating GaudiKernelDict.cpp, GaudiKernelDict.rootmap
Generating GaudiExamplesDict.cpp, GaudiExamplesDict.rootmap
make[3]: Leaving directory `/home/jwsmith/ANA/2_GAUDI/Gaudi/build.aarch64-ubuntu14.04-gcc49-opt'
[  2%] Built target GaudiPluginService
make[3]: Entering directory `/home/jwsmith/ANA/2_GAUDI/Gaudi/build.aarch64-ubuntu14.04-gcc49-opt'
Scanning dependencies of target GaudiPythonGen
make[3]: Leaving directory `/home/jwsmith/ANA/2_GAUDI/Gaudi/build.aarch64-ubuntu14.04-gcc49-opt'
make[3]: Entering directory `/home/jwsmith/ANA/2_GAUDI/Gaudi/build.aarch64-ubuntu14.04-gcc49-opt'
[  2%] Generating GaudiPythonDict.cpp, GaudiPythonDict.rootmap
make[3]: Leaving directory `/home/jwsmith/ANA/2_GAUDI/Gaudi/build.aarch64-ubuntu14.04-gcc49-opt'
[  2%] Built target GaudiExamplesGen
make[3]: Entering directory `/home/jwsmith/ANA/2_GAUDI/Gaudi/build.aarch64-ubuntu14.04-gcc49-opt'
Scanning dependencies of target test_GPyTestGen
make[3]: Leaving directory `/home/jwsmith/ANA/2_GAUDI/Gaudi/build.aarch64-ubuntu14.04-gcc49-opt'
make[3]: Entering directory `/home/jwsmith/ANA/2_GAUDI/Gaudi/build.aarch64-ubuntu14.04-gcc49-opt'
[  3%] Generating test_GPyTestDict.cpp, test_GPyTestDict.rootmap
make[3]: Leaving directory `/home/jwsmith/ANA/2_GAUDI/Gaudi/build.aarch64-ubuntu14.04-gcc49-opt'
Linking CXX shared module ../lib/PyExample.so
make[3]: Leaving directory `/home/jwsmith/ANA/2_GAUDI/Gaudi/build.aarch64-ubuntu14.04-gcc49-opt'
[  3%] Built target PyExample
Warning - unused class rule: NTuple::_Acc*::_Acc*
Warning - unused class rule: SmartIFBase<*>
make[3]: Leaving directory `/home/jwsmith/ANA/2_GAUDI/Gaudi/build.aarch64-ubuntu14.04-gcc49-opt'
[  3%] Built target GaudiKernelGen
make[3]: Leaving directory `/home/jwsmith/ANA/2_GAUDI/Gaudi/build.aarch64-ubuntu14.04-gcc49-opt'
[  3%] Built target GaudiPythonGen
make[2]: Leaving directory `/home/jwsmith/ANA/2_GAUDI/Gaudi/build.aarch64-ubuntu14.04-gcc49-opt'
make[1]: Leaving directory `/home/jwsmith/ANA/2_GAUDI/Gaudi/build.aarch64-ubuntu14.04-gcc49-opt'
