mkdir -p /home/jwsmith/ANA/2_GAUDI/Gaudi/build.aarch64-ubuntu14.04-gcc49-opt
cd /home/jwsmith/ANA/2_GAUDI/Gaudi/build.aarch64-ubuntu14.04-gcc49-opt && cmake -DCMAKE_TOOLCHAIN_FILE=/home/jwsmith/ANA/2_GAUDI/Gaudi/toolchain.cmake /home/jwsmith/ANA/2_GAUDI/Gaudi
-- Target binary tag from CMAKECONFIG: aarch64-ubuntu14.04-gcc49-opt
-- Target system: aarch64-ubuntu14.04-gcc49
-- Build type: opt
-- Using heptools version 74root6
-- Target system: aarch64-ubuntu14.04-gcc49
-- Build type: opt
-- Found LCGCMT 74root6 in /home/seuster/LCGStack/lcgcmake-install
-- Target system: aarch64-ubuntu14.04-gcc49
-- Build type: opt
-- Using heptools version 74root6
-- Target system: aarch64-ubuntu14.04-gcc49
-- Build type: opt
-- Found LCGCMT 74root6 in /home/seuster/LCGStack/lcgcmake-install
-- The C compiler identification is GNU 4.9.2
-- The CXX compiler identification is GNU 4.9.2
-- Check for working C compiler: /usr/bin/cc
-- Check for working C compiler: /usr/bin/cc -- works
-- Detecting C compiler ABI info
-- Detecting C compiler ABI info - done
-- Check for working CXX compiler: /usr/bin/c++
-- Check for working CXX compiler: /usr/bin/c++ -- works
-- Detecting CXX compiler ABI info
-- Detecting CXX compiler ABI info - done
-- Found PythonInterp: /home/seuster/LCGStack/lcgcmake-install/Python/2.7.9/aarch64-ubuntu14.04-gcc49-opt/bin/python (found version "2.7.9") 
-- Looking for local directories...
-- Found:
--   Gaudi
--   GaudiCoreSvc
--   GaudiSvc
--   GaudiPython
--   GaudiAlg
--   GaudiPluginService
--   GaudiUtils
--   GaudiExamples
--   GaudiPolicy
--   GaudiMonitor
--   GaudiMP
--   GaudiKernel/src/Util
--   GaudiKernel
--   GaudiProfiling
--   GaudiAud
--   PartPropSvc
--   RootHistCnv
--   GaudiCommonSvc
--   GaudiSys
--   GaudiGSL
--   GaudiRelease
--   RootCnv
--   GaudiPartProp
-- Adding directory GaudiPluginService (1/23)
-- Boost version: 1.56.0
-- Found the following Boost libraries:
--   unit_test_framework
-- Adding directory GaudiKernel (2/23)
-- Boost version: 1.56.0
-- Found the following Boost libraries:
--   filesystem
--   thread
--   system
-- Found ROOT: /home/seuster/LCGStack/lcgcmake-install/ROOT/6.02.99/aarch64-ubuntu14.04-gcc49-opt/include  
-- ROOT version: 6.03/03
-- Found the following ROOT libraries:
--   Core
-- Found the following ROOT tools:
--   root
--   rootcling
--   genreflex
-- Adding directory Gaudi (3/23)
-- Adding directory GaudiCoreSvc (4/23)
-- Boost version: 1.56.0
-- Found the following Boost libraries:
--   system
--   filesystem
--   regex
--   thread
-- Adding directory GaudiSvc (5/23)
-- Found AIDA: /home/seuster/LCGStack/lcgcmake-install/AIDA/3.2.1/aarch64-ubuntu14.04-gcc49-opt/src/cpp  
-- Boost version: 1.56.0
-- Found the following Boost libraries:
--   regex
-- Found ROOT: /home/seuster/LCGStack/lcgcmake-install/ROOT/6.02.99/aarch64-ubuntu14.04-gcc49-opt/include  
-- ROOT version: 6.03/03
-- Found the following ROOT libraries:
--   Hist
--   RIO
--   Tree
--   Net
-- CLHEP version: 2.1.4.1
-- Found CLHEP: /home/seuster/LCGStack/lcgcmake-install/clhep/2.1.4.1/aarch64-ubuntu14.04-gcc49-opt/include  
-- Adding directory GaudiUtils (6/23)
-- Boost version: 1.56.0
-- Found ROOT: /home/seuster/LCGStack/lcgcmake-install/ROOT/6.02.99/aarch64-ubuntu14.04-gcc49-opt/include  
-- ROOT version: 6.03/03
-- Found the following ROOT libraries:
--   XMLIO
-- Found XercesC: /home/seuster/LCGStack/lcgcmake-install/XercesC/3.1.2/aarch64-ubuntu14.04-gcc49-opt/include  
-- Found UUID: /home/seuster/LCGStack/lcgcmake-install/uuid/1.42/aarch64-ubuntu14.04-gcc49-opt/include  
-- Adding directory GaudiAlg (7/23)
-- Boost version: 1.56.0
-- Found the following Boost libraries:
--   regex
-- Found ROOT: /home/seuster/LCGStack/lcgcmake-install/ROOT/6.02.99/aarch64-ubuntu14.04-gcc49-opt/include  
-- Adding directory GaudiPython (8/23)
-- Found PythonLibs: /home/seuster/LCGStack/lcgcmake-install/Python/2.7.9/aarch64-ubuntu14.04-gcc49-opt/lib/libpython2.7.so (found version "2.7.9") 
-- Adding directory GaudiGSL (9/23)
-- Found GSL: /home/seuster/LCGStack/lcgcmake-install/GSL/1.16/aarch64-ubuntu14.04-gcc49-opt/include  
-- Adding directory RootCnv (10/23)
-- Found ROOT: /home/seuster/LCGStack/lcgcmake-install/ROOT/6.02.99/aarch64-ubuntu14.04-gcc49-opt/include  
-- ROOT version: 6.03/03
-- Found the following ROOT libraries:
--   TreePlayer
--   MathCore
-- Adding directory GaudiExamples (11/23)
-- Found HepPDT: /home/seuster/LCGStack/lcgcmake-install/HepPDT/2.06.01/aarch64-ubuntu14.04-gcc49-opt/include  
-- Found ROOT: /home/seuster/LCGStack/lcgcmake-install/ROOT/6.02.99/aarch64-ubuntu14.04-gcc49-opt/include  
-- Boost version: 1.56.0
-- Found the following Boost libraries:
--   python
-- Found RELAX: /home/seuster/LCGStack/lcgcmake-install/RELAX/RELAX_1_4_2/aarch64-ubuntu14.04-gcc49-opt/lib  
-- Adding directory GaudiPolicy (12/23)
-- Adding directory GaudiMonitor (13/23)
-- Adding directory GaudiMP (14/23)
-- Adding directory GaudiKernel/src/Util (15/23)
-- Boost version: 1.56.0
-- Found the following Boost libraries:
--   program_options
--   regex
-- Adding directory GaudiProfiling (16/23)
-- Boost version: 1.56.0
-- Found the following Boost libraries:
--   python
-- Found unwind: /home/jwsmith/libunwind-install/include  
-- Found tcmalloc: /home/jwsmith/gperftools-install/include  
-- Adding directory GaudiAud (17/23)
-- Adding directory PartPropSvc (18/23)
-- Boost version: 1.56.0
-- Found the following Boost libraries:
--   regex
-- Adding directory RootHistCnv (19/23)
-- Found ROOT: /home/seuster/LCGStack/lcgcmake-install/ROOT/6.02.99/aarch64-ubuntu14.04-gcc49-opt/include  
-- ROOT version: 6.03/03
-- Found the following ROOT libraries:
--   Matrix
-- Boost version: 1.56.0
-- Adding directory GaudiCommonSvc (20/23)
-- Boost version: 1.56.0
-- Found the following Boost libraries:
--   system
--   filesystem
-- Found ROOT: /home/seuster/LCGStack/lcgcmake-install/ROOT/6.02.99/aarch64-ubuntu14.04-gcc49-opt/include  
-- Adding directory GaudiSys (21/23)
-- Adding directory GaudiRelease (22/23)
-- Adding directory GaudiPartProp (23/23)
-- Preparing environment configuration:
--   environment for external packages
--     PythonInterp
--     XercesC
--     UUID
--     pytools
--     CppUnit
--     RELAX
--     GSL
--     CLHEP
--     QMTest
--     PythonLibs
--     unwind
--     HepPDT
--     AIDA
--     Boost
--     ROOT
--   environment for the project
--   environment for local subdirectories
--     GaudiPluginService
--     GaudiKernel
--     Gaudi
--     GaudiCoreSvc
--     GaudiSvc
--     GaudiUtils
--     GaudiAlg
--     GaudiPython
--     GaudiGSL
--     RootCnv
--     GaudiExamples
--     GaudiPolicy
--     GaudiMonitor
--     GaudiMP
--     GaudiKernel/src/Util
--     GaudiProfiling
--     GaudiAud
--     PartPropSvc
--     RootHistCnv
--     GaudiCommonSvc
--     GaudiSys
--     GaudiRelease
--     GaudiPartProp
-- Generating GaudiEnvironment.xml
-- Generating GaudiBuildEnvironment.xml
-- Generating GaudiConfigVersion.cmake
-- Generating GaudiConfig.cmake
-- Generating GaudiPlatformConfig.cmake
-- Generating 'export' files.
-- Generating manifest.xml
-- Configuring incomplete, errors occurred!
See also "/home/jwsmith/ANA/2_GAUDI/Gaudi/build.aarch64-ubuntu14.04-gcc49-opt/CMakeFiles/CMakeOutput.log".
